SIMLOG:: Cycle           4 PC: 00000000 I: 0000c023 R: 1   0 00000023 M: 0 0 00000023 0000xxxx
SIMLOG:: Cycle           5 PC: 00000002 I: 00009062 R: 1   0 00002362 M: 0 0 00002362 0000xxxx
SIMLOG:: Cycle           6 PC: 00000004 I: 0000c101 R: 1   1 00000001 M: 0 0 00000001 0000xxxx
SIMLOG:: Cycle           7 PC: 00000006 I: 00009198 R: 1   1 00000198 M: 0 0 00000198 0000xxxx
SIMLOG:: Cycle           8 PC: 00000008 I: 0000c27b R: 1   2 0000007b M: 0 0 0000007b 0000xxxx
SIMLOG:: Cycle           9 PC: 0000000a I: 00009283 R: 1   2 00007b83 M: 0 0 00007b83 0000xxxx
SIMLOG:: Cycle          10 PC: 0000000c I: 0000c3a7 R: 1   3 0000ffa7 M: 0 0 0000ffa7 0000xxxx
SIMLOG:: Cycle          11 PC: 0000000e I: 00009357 R: 1   3 0000a757 M: 0 0 0000a757 0000xxxx
SIMLOG:: Cycle          12 PC: 00000010 I: 0000c4e2 R: 1   4 0000ffe2 M: 0 0 0000ffe2 0000xxxx
SIMLOG:: Cycle          13 PC: 00000012 I: 000094b6 R: 1   4 0000e2b6 M: 0 0 0000e2b6 0000xxxx
SIMLOG:: Cycle          14 PC: 00000014 I: 0000c5af R: 1   5 0000ffaf M: 0 0 0000ffaf 0000xxxx
SIMLOG:: Cycle          15 PC: 00000016 I: 0000951c R: 1   5 0000af1c M: 0 0 0000af1c 0000xxxx
SIMLOG:: Cycle          16 PC: 00000018 I: 0000c6ee R: 1   6 0000ffee M: 0 0 0000ffee 0000xxxx
SIMLOG:: Cycle          17 PC: 0000001a I: 000096b1 R: 1   6 0000eeb1 M: 0 0 0000eeb1 0000xxxx
SIMLOG:: Cycle          18 PC: 0000001c I: 0000c7d8 R: 1   7 0000ffd8 M: 0 0 0000ffd8 0000xxxx
SIMLOG:: Cycle          19 PC: 0000001e I: 000097ca R: 1   7 0000d8ca M: 0 0 0000d8ca 0000xxxx
SIMLOG:: Cycle          20 PC: 00000020 I: 00002016 R: 0   0 0000d8ca M: 0 0 000046c4 00002362
SIMLOG:: Cycle          21 PC: 00000038 I: 0000c600 R: 1   6 00000000 M: 0 0 00000000 00002362
SIMLOG:: Cycle          22 PC: 0000003a I: 0000c700 R: 1   7 00000000 M: 0 0 00000000 00002362
SIMLOG:: Cycle          23 PC: 0000003c I: 00000800 R: 0   0 00000000 M: 0 0 000046c4 00002362
SIMLOG:: Cycle          24 PC: 0000003e I: 0000711c R: 0   0 00000000 M: 0 0 000024fa 00002362
SIMLOG:: Cycle          25 PC: 00000040 I: 0000d884 R: 1   1 00000618 M: 0 0 00000618 0000e2b6
SIMLOG:: Cycle          26 PC: 00000042 I: 0000de25 R: 1   1 00000618 M: 0 0 00000618 00000618
SIMLOG:: Cycle          27 PC: 00000044 I: 0000d6f4 R: 1   5 00000000 M: 0 0 00000000 00000000
SIMLOG:: Cycle          28 PC: 00000046 I: 0000e694 R: 1   5 00000000 M: 0 0 00000000 0000e2b6
SIMLOG:: Cycle          29 PC: 00000048 I: 0000db12 R: 1   4 00008435 M: 0 0 00008435 00002362
SIMLOG:: Cycle          30 PC: 0000004a I: 0000da61 R: 1   0 00002bd4 M: 0 0 00002bd4 0000a757
SIMLOG:: Cycle          31 PC: 0000004c I: 00005da1 R: 1   5 00000000 M: 0 0 00000000 00002bd4
SIMLOG:: Cycle          32 PC: 0000004e I: 00008de6 R: 1   7 00009198 M: 1 0 00000006 00002bd4
SIMLOG:: Cycle          33 PC: 00000050 I: 00004e85 R: 1   4 00000005 M: 0 0 00000005 00002bd4
SIMLOG:: Cycle          34 PC: 00000052 I: 00000800 R: 0   0 00000005 M: 0 0 000057a8 00002bd4
SIMLOG:: Cycle          35 PC: 00000054 I: 00005fe1 R: 1   7 00009198 M: 0 0 00009198 00002bd4
SIMLOG:: Cycle          36 PC: 00000056 I: 000087e8 R: 0   7 00009198 M: 0 1 000091a0 00009198
SIMLOG:: Cycle          37 PC: 00000058 I: 00005226 R: 1   1 00007b85 M: 0 0 00007b85 00002bd4
SIMLOG:: Cycle          38 PC: 0000005a I: 0000d124 R: 1   1 000070a0 M: 0 0 000070a0 00007b85
SIMLOG:: Cycle          39 PC: 0000005c I: 0000a926 R: 1   1 00002800 M: 0 0 00002800 00002bd4
SIMLOG:: Cycle          40 PC: 0000005e I: 0000cc00 R: 1   0 0000a000 M: 0 0 0000a000 00002bd4
SIMLOG:: Cycle          41 PC: 00000060 I: 0000e42c R: 1   3 00000000 M: 0 0 00000000 00002800
SIMLOG:: Cycle          42 PC: 00000062 I: 00004148 R: 1   2 00002808 M: 0 0 00002808 0000a000
SIMLOG:: Cycle          43 PC: 00000064 I: 00005c81 R: 1   4 00000004 M: 0 0 00000004 0000a000
SIMLOG:: Cycle          44 PC: 00000066 I: 00008c8a R: 1   4 00009357 M: 1 0 0000000e 0000a000
SIMLOG:: Cycle          45 PC: 00000068 I: 0000a581 R: 1   4 00000000 M: 0 0 00000000 0000a000
SIMLOG:: Cycle          46 PC: 0000006a I: 0000d63c R: 1   7 00000000 M: 0 0 00000000 00002800
SIMLOG:: Cycle          47 PC: 0000006c I: 0000b606 R: 1   0 00000000 M: 0 0 00000000 0000a000
SIMLOG:: Cycle          48 PC: 0000006e I: 0000e2fc R: 1   7 00000000 M: 0 0 00000000 00000000
SIMLOG:: Cycle          49 PC: 00000070 I: 00004a01 R: 1   0 0000d7f9 M: 0 0 0000d7f9 00000000
SIMLOG:: Cycle          50 PC: 00000072 I: 000045c1 R: 1   6 00000001 M: 0 0 00000001 0000d7f9
SIMLOG:: Cycle          51 PC: 00000074 I: 0000df5c R: 1   7 00002808 M: 0 0 00002808 00002808
SIMLOG:: Cycle          52 PC: 00000076 I: 0000960d R: 1   6 0000010d M: 0 0 0000010d 0000d7f9
SIMLOG:: Cycle          53 PC: 00000078 I: 0000bd6a R: 1   3 00000000 M: 0 0 00000000 0000d7f9
SIMLOG:: Cycle          54 PC: 0000007a I: 0000dd86 R: 1   1 00000000 M: 0 0 00000000 00000000
SIMLOG:: Cycle          55 PC: 0000007c I: 0000a1a7 R: 1   5 00000000 M: 0 0 00000000 0000d7f9
SIMLOG:: Cycle          56 PC: 0000007e I: 0000d2c2 R: 1   0 00000501 M: 0 0 00000501 0000010d
SIMLOG:: Cycle          57 PC: 00000080 I: 0000c700 R: 1   7 00000000 M: 0 0 00000000 00000501
SIMLOG:: Cycle          58 PC: 00000082 I: 0000c100 R: 1   1 00000000 M: 0 0 00000000 00000501
SIMLOG:: Cycle          59 PC: 00000084 I: 00000800 R: 0   0 00000000 M: 0 0 00000a02 00000501
SIMLOG:: Cycle          60 PC: 00000086 I: 00006900 R: 0   0 00000000 M: 0 0 00000501 00000501
SIMLOG:: Cycle          61 PC: 00000088 I: 0000c500 R: 1   5 00000000 M: 0 0 00000000 00000501
SIMLOG:: Cycle          62 PC: 0000008a I: 0000c500 R: 1   5 00000000 M: 0 0 00000000 00000501
SIMLOG:: Cycle          63 PC: 0000008c I: 00000800 R: 0   0 00000000 M: 0 0 00000a02 00000501
SIMLOG:: Cycle          64 PC: 0000008e I: 00007f18 R: 0   0 00000000 M: 0 0 00000501 00000501
SIMLOG:: Cycle          65 PC: 000000a8 I: 0000a704 R: 1   0 00000000 M: 0 0 00000000 00000501
SIMLOG:: Cycle          66 PC: 000000aa I: 0000daab R: 1   2 00002808 M: 0 0 00002808 00000000
SIMLOG:: Cycle          67 PC: 000000ac I: 0000d7f6 R: 1   5 00000000 M: 0 0 00000000 00000000
SIMLOG:: Cycle          68 PC: 000000ae I: 0000e330 R: 1   4 00000001 M: 0 0 00000001 00000000
SIMLOG:: Cycle          69 PC: 000000b0 I: 0000d888 R: 1   2 00000001 M: 0 0 00000001 00000001
SIMLOG:: Cycle          70 PC: 000000b2 I: 00000800 R: 0   0 00000001 M: 0 0 00000000 00000000
SIMLOG:: Cycle          71 PC: 000000b4 I: 00005da1 R: 1   5 00000000 M: 0 0 00000000 00000000
SIMLOG:: Cycle          72 PC: 000000b6 I: 00008dce R: 1   6 00009357 M: 1 0 0000000e 00000000
SIMLOG:: Cycle          73 PC: 000000b8 I: 0000a46d R: 1   3 00002000 M: 0 0 00002000 00000000
SIMLOG:: Cycle          74 PC: 000000ba I: 00005045 R: 1   2 00000005 M: 0 0 00000005 00000000
SIMLOG:: Cycle          75 PC: 000000bc I: 0000b3cb R: 1   6 00000004 M: 0 0 00000004 00000000
SIMLOG:: Cycle          76 PC: 000000be I: 0000a809 R: 1   0 00000000 M: 0 0 00000000 00000000
SIMLOG:: Cycle          77 PC: 000000c0 I: 0000a0cc R: 1   6 00000000 M: 0 0 00000000 00000000
SIMLOG:: Cycle          78 PC: 000000c2 I: 0000d5db R: 1   6 00000000 M: 0 0 00000000 00000000
SIMLOG:: Cycle          79 PC: 000000c4 I: 00000800 R: 0   0 00000000 M: 0 0 00000000 00000000
SIMLOG:: Cycle          80 PC: 000000c6 I: 0000c904 R: 1   1 00000000 M: 0 0 00000000 00000000
SIMLOG:: Cycle          81 PC: 000000c8 I: 0000aea8 R: 1   5 00000000 M: 0 0 00000000 00000000
SIMLOG:: Cycle          82 PC: 000000ca I: 00002000 R: 0   0 00000000 M: 0 0 00000000 00000000
SIMLOG:: Cycle          83 PC: 000000cc I: 0000c300 R: 1   3 00000000 M: 0 0 00000000 00000000
SIMLOG:: Cycle          84 PC: 000000ce I: 0000c600 R: 1   6 00000000 M: 0 0 00000000 00000000
SIMLOG:: Cycle          85 PC: 000000d0 I: 00000800 R: 0   0 00000000 M: 0 0 00000000 00000000
SIMLOG:: Cycle          86 PC: 000000d2 I: 00007114 R: 0   0 00000000 M: 0 0 00000000 00000000
SIMLOG:: Cycle          87 PC: 000000d4 I: 0000d345 R: 1   1 00000000 M: 0 0 00000000 00000005
SIMLOG:: Cycle          88 PC: 000000d6 I: 0000d451 R: 1   4 00000000 M: 0 0 00000000 00000005
SIMLOG:: Cycle          89 PC: 000000d8 I: 0000daae R: 1   3 00000005 M: 0 0 00000005 00000000
SIMLOG:: Cycle          90 PC: 000000da I: 0000a36c R: 1   3 00005000 M: 0 0 00005000 00000000
SIMLOG:: Cycle          91 PC: 000000dc I: 0000abca R: 1   6 00000000 M: 0 0 00000000 00000000
SIMLOG:: Cycle          92 PC: 000000de I: 00004649 R: 1   2 00000009 M: 0 0 00000009 00000000
SIMLOG:: Cycle          93 PC: 000000e0 I: 00005c81 R: 1   4 00000000 M: 0 0 00000000 00000000
SIMLOG:: Cycle          94 PC: 000000e2 I: 00008440 R: 0   2 00000000 M: 0 1 00000000 00000009
SIMLOG:: Cycle          95 PC: 000000e4 I: 0000d79c R: 1   7 00000000 M: 0 0 00000000 00000000
SIMLOG:: Cycle          96 PC: 000000e6 I: 0000dd89 R: 1   2 00000000 M: 0 0 00000000 00000000
SIMLOG:: Cycle          97 PC: 000000e8 I: 0000dc18 R: 1   6 00000000 M: 0 0 00000000 00000000
SIMLOG:: Cycle          98 PC: 000000ea I: 0000d7e6 R: 1   1 00000000 M: 0 0 00000000 00000000
SIMLOG:: Cycle          99 PC: 000000ec I: 0000f48c R: 1   3 00000001 M: 0 0 00000001 00000000
SIMLOG:: Cycle         100 PC: 000000ee I: 0000bca8 R: 1   5 00000000 M: 0 0 00000000 00000000
SIMLOG:: Cycle         101 PC: 000000f0 I: 0000de9c R: 1   7 00000000 M: 0 0 00000000 00000000
SIMLOG:: Cycle         102 PC: 000000f2 I: 0000f268 R: 1   2 00000001 M: 0 0 00000001 00000001
SIMLOG:: Cycle         103 PC: 000000f4 I: 0000f454 R: 1   5 00000001 M: 0 0 00000001 00000001
SIMLOG:: Cycle         104 PC: 000000f6 I: 0000a0a2 R: 1   5 00000000 M: 0 0 00000000 00000000
SIMLOG:: Cycle         105 PC: 000000f8 I: 0000de2f R: 1   3 00000000 M: 0 0 00000000 00000000
SIMLOG:: Cycle         106 PC: 000000fa I: 0000910b R: 1   1 0000000b M: 0 0 0000000b 00000000
SIMLOG:: Cycle         107 PC: 000000fc I: 0000d594 R: 1   5 00000000 M: 0 0 00000000 00000000
SIMLOG:: Cycle         108 PC: 000000fe I: 0000c100 R: 1   1 00000000 M: 0 0 00000000 00000000
SIMLOG:: Cycle         109 PC: 00000100 I: 0000c200 R: 1   2 00000000 M: 0 0 00000000 00000000
SIMLOG:: Cycle         110 PC: 00000102 I: 00007000 R: 0   0 00000000 M: 0 0 00000000 00000000
SIMLOG:: Cycle         111 PC: 00000104 I: 00002014 R: 0   0 00000000 M: 0 0 00000000 00000000
SIMLOG:: Cycle         112 PC: 0000011a I: 00002008 R: 0   0 00000000 M: 0 0 00000000 00000000
SIMLOG:: Cycle         113 PC: 00000124 I: 0000201e R: 0   0 00000000 M: 0 0 00000000 00000000
SIMLOG:: Cycle         114 PC: 00000144 I: 0000200c R: 0   0 00000000 M: 0 0 00000000 00000000
SIMLOG:: Cycle         115 PC: 00000152 I: 0000200c R: 0   0 00000000 M: 0 0 00000000 00000000
SIMLOG:: Cycle         116 PC: 00000160 I: 00002006 R: 0   0 00000000 M: 0 0 00000000 00000000
SIMLOG:: Cycle         117 PC: 00000168 I: 00002002 R: 0   0 00000000 M: 0 0 00000000 00000000
SIMLOG:: Cycle         118 PC: 0000016c I: 0000c400 R: 1   4 00000000 M: 0 0 00000000 00000000
SIMLOG:: Cycle         119 PC: 0000016e I: 0000c700 R: 1   7 00000000 M: 0 0 00000000 00000000
SIMLOG:: Cycle         120 PC: 00000170 I: 00000800 R: 0   0 00000000 M: 0 0 00000000 00000000
SIMLOG:: Cycle         121 PC: 00000172 I: 00007a08 R: 0   0 00000000 M: 0 0 00000000 00000000
SIMLOG:: Cycle         122 PC: 0000017c I: 0000f764 R: 1   1 00000001 M: 0 0 00000001 00000000
SIMLOG:: Cycle         123 PC: 0000017e I: 0000af05 R: 1   0 00000000 M: 0 0 00000000 00000000
SIMLOG:: Cycle         124 PC: 00000180 I: 0000ee88 R: 1   2 00000000 M: 0 0 00000000 00000000
SIMLOG:: Cycle         125 PC: 00000182 I: 00000800 R: 0   0 00000000 M: 0 0 00000000 00000000
SIMLOG:: Cycle         126 PC: 00000184 I: 00005fe1 R: 1   7 00000000 M: 0 0 00000000 00000000
SIMLOG:: Cycle         127 PC: 00000186 I: 00008fc6 R: 1   6 00009198 M: 1 0 00000006 00000000
SIMLOG:: Cycle         128 PC: 00000188 I: 0000c400 R: 1   4 00000000 M: 0 0 00000000 00000000
SIMLOG:: Cycle         129 PC: 0000018a I: 0000c700 R: 1   7 00000000 M: 0 0 00000000 00000000
SIMLOG:: Cycle         130 PC: 0000018c I: 00000800 R: 0   0 00000000 M: 0 0 00000000 00000000
SIMLOG:: Cycle         131 PC: 0000018e I: 0000771c R: 0   0 00000000 M: 0 0 00000000 00000000
SIMLOG:: Cycle         132 PC: 00000190 I: 0000d4a6 R: 1   1 00000000 M: 0 0 00000000 00000000
SIMLOG:: Cycle         133 PC: 00000192 I: 0000d07a R: 1   6 00000000 M: 0 0 00000000 00000000
SIMLOG:: Cycle         134 PC: 00000194 I: 0000ac69 R: 1   3 00000000 M: 0 0 00000000 00000000
SIMLOG:: Cycle         135 PC: 00000196 I: 0000d371 R: 1   4 00000000 M: 0 0 00000000 00000000
SIMLOG:: Cycle         136 PC: 00000198 I: 0000a729 R: 1   1 00000000 M: 0 0 00000000 00000000
SIMLOG:: Cycle         137 PC: 0000019a I: 00000800 R: 0   0 00000000 M: 0 0 00000000 00000000
SIMLOG:: Cycle         138 PC: 0000019c I: 00005c81 R: 1   4 00000000 M: 0 0 00000000 00000000
SIMLOG:: Cycle         139 PC: 0000019e I: 00009c6a R: 1   4 0000000a M: 0 1 0000000a 00000000
SIMLOG:: Cycle         140 PC: 000001a0 I: 0000d44a R: 1   2 0000000a M: 0 0 0000000a 00000000
SIMLOG:: Cycle         141 PC: 000001a2 I: 0000cb0c R: 1   3 00000000 M: 0 0 00000000 00000000
SIMLOG:: Cycle         142 PC: 000001a4 I: 0000e12c R: 1   3 00000001 M: 0 0 00000001 00000000
SIMLOG:: Cycle         143 PC: 000001a6 I: 0000f950 R: 1   4 00000000 M: 0 0 00000000 0000000a
SIMLOG:: Cycle         144 PC: 000001a8 I: 0000dbb1 R: 1   4 0000ffff M: 0 0 0000ffff 00000000
SIMLOG:: Cycle         145 PC: 000001aa I: 00000800 R: 0   0 0000ffff M: 0 0 00000000 00000000
SIMLOG:: Cycle         146 PC: 000001ac I: 00005da1 R: 1   5 00000000 M: 0 0 00000000 00000000
SIMLOG:: Cycle         147 PC: 000001ae I: 000085ea R: 0   7 00000000 M: 0 1 0000000a 00000000
SIMLOG:: Cycle         148 PC: 000001b0 I: 0000db67 R: 1   1 00000000 M: 0 0 00000000 00000001
SIMLOG:: Cycle         149 PC: 000001b2 I: 0000d0c7 R: 1   1 00000000 M: 0 0 00000000 00000000
SIMLOG:: Cycle         150 PC: 000001b4 I: 0000f644 R: 1   1 00000001 M: 0 0 00000001 0000000a
SIMLOG:: Cycle         151 PC: 000001b6 I: 00000800 R: 0   0 00000001 M: 0 0 00000000 00000000
SIMLOG:: Cycle         152 PC: 000001b8 I: 00005da1 R: 1   5 00000000 M: 0 0 00000000 00000000
SIMLOG:: Cycle         153 PC: 000001ba I: 00008568 R: 0   3 00000000 M: 0 1 00000008 00000001
SIMLOG:: Cycle         154 PC: 000001bc I: 0000d6e5 R: 1   1 00000000 M: 0 0 00000000 00000000
SIMLOG:: Cycle         155 PC: 000001be I: 0000d1e6 R: 1   1 00000000 M: 0 0 00000000 00000000
SIMLOG:: Cycle         156 PC: 000001c0 I: 00004267 R: 1   3 00000011 M: 0 0 00000011 00000000
SIMLOG:: Cycle         157 PC: 000001c2 I: 000051cf R: 1   6 0000000f M: 0 0 0000000f 00000000
SIMLOG:: Cycle         158 PC: 000001c4 I: 00005fe1 R: 1   7 00000000 M: 0 0 00000000 00000000
SIMLOG:: Cycle         159 PC: 000001c6 I: 00009f0c R: 1   7 0000000c M: 0 1 0000000c 00000000
SIMLOG:: Cycle         160 PC: 000001c8 I: 0000d9cd R: 1   3 0000000f M: 0 0 0000000f 0000000f
SIMLOG:: Cycle         161 PC: 000001ca I: 0000d95f R: 1   7 00000000 M: 0 0 00000000 0000000a
SIMLOG:: Cycle         162 PC: 000001cc I: 00004847 R: 1   2 00000007 M: 0 0 00000007 00000000
SIMLOG:: Cycle         163 PC: 000001ce I: 0000aaa1 R: 1   5 0000000e M: 0 0 0000000e 00000000
SIMLOG:: Cycle         164 PC: 000001d0 I: 00005ec1 R: 1   6 0000000e M: 0 0 0000000e 00000000
SIMLOG:: Cycle         165 PC: 000001d2 I: 000086a8 R: 0   5 0000000e M: 0 1 00000016 0000000e
SIMLOG:: Cycle         166 PC: 000001d4 I: 0000d4e0 R: 1   0 0000ffff M: 0 0 0000ffff 00000000
SIMLOG:: Cycle         167 PC: 000001d6 I: 0000d942 R: 1   0 00000007 M: 0 0 00000007 00000007
SIMLOG:: Cycle         168 PC: 000001d8 I: 00002008 R: 0   0 00000007 M: 0 0 0000000e 00000007
SIMLOG:: Cycle         169 PC: 000001e2 I: 0000c700 R: 1   7 00000000 M: 0 0 00000000 00000007
SIMLOG:: Cycle         170 PC: 000001e4 I: 0000c400 R: 1   4 00000000 M: 0 0 00000000 00000007
SIMLOG:: Cycle         171 PC: 000001e6 I: 00006900 R: 0   0 00000000 M: 0 0 00000007 00000007
SIMLOG:: Cycle         172 PC: 000001e8 I: 00002004 R: 0   0 00000000 M: 0 0 0000000e 00000007
SIMLOG:: Cycle         173 PC: 000001ee I: 00002020 R: 0   0 00000000 M: 0 0 0000000e 00000007
SIMLOG:: Cycle         174 PC: 00000210 I: 00002004 R: 0   0 00000000 M: 0 0 0000000e 00000007
SIMLOG:: Cycle         175 PC: 00000216 I: 0000200c R: 0   0 00000000 M: 0 0 0000000e 00000007
SIMLOG:: Cycle         176 PC: 00000224 I: 00002000 R: 0   0 00000000 M: 0 0 0000000e 00000007
SIMLOG:: Cycle         177 PC: 00000226 I: 00002014 R: 0   0 00000000 M: 0 0 0000000e 00000007
SIMLOG:: Cycle         178 PC: 0000023c I: 00002002 R: 0   0 00000000 M: 0 0 0000000e 00000007
SIMLOG:: Cycle         179 PC: 00000240 I: 0000c600 R: 1   6 00000000 M: 0 0 00000000 00000007
SIMLOG:: Cycle         180 PC: 00000242 I: 0000c700 R: 1   7 00000000 M: 0 0 00000000 00000007
SIMLOG:: Cycle         181 PC: 00000244 I: 00000800 R: 0   0 00000000 M: 0 0 0000000e 00000007
SIMLOG:: Cycle         182 PC: 00000246 I: 0000601c R: 0   0 00000000 M: 0 0 0000000e 00000007
SIMLOG:: Cycle         183 PC: 00000248 I: 0000bc04 R: 1   0 00000000 M: 0 0 00000000 00000007
SIMLOG:: Cycle         184 PC: 0000024a I: 0000d8ca R: 1   2 00000000 M: 0 0 00000000 00000000
SIMLOG:: Cycle         185 PC: 0000024c I: 0000d40e R: 1   3 00000000 M: 0 0 00000000 00000000
SIMLOG:: Cycle         186 PC: 0000024e I: 00000800 R: 0   0 00000000 M: 0 0 00000000 00000000
SIMLOG:: Cycle         187 PC: 00000250 I: 00005ec1 R: 1   6 00000000 M: 0 0 00000000 00000000
SIMLOG:: Cycle         188 PC: 00000252 I: 00009e40 R: 1   6 00000000 M: 0 1 00000000 00000000
SIMLOG:: Cycle         189 PC: 00000254 I: 0000c600 R: 1   6 00000000 M: 0 0 00000000 00000000
SIMLOG:: Cycle         190 PC: 00000256 I: 0000d14e R: 1   3 00000000 M: 0 0 00000000 00000000
SIMLOG:: Cycle         191 PC: 00000258 I: 0000b800 R: 1   0 00000000 M: 0 0 00000000 00000000
SIMLOG:: Cycle         192 PC: 0000025a I: 00000800 R: 0   0 00000000 M: 0 0 00000000 00000000
SIMLOG:: Cycle         193 PC: 0000025c I: 00005a41 R: 1   2 00000000 M: 0 0 00000000 00000000
SIMLOG:: Cycle         194 PC: 0000025e I: 000082e0 R: 0   7 00000000 M: 0 1 00000000 00000000
SIMLOG:: Cycle         195 PC: 00000260 I: 0000c600 R: 1   6 00000000 M: 0 0 00000000 00000000
SIMLOG:: Cycle         196 PC: 00000262 I: 00005645 R: 1   2 00000005 M: 0 0 00000005 00000000
SIMLOG:: Cycle         197 PC: 00000264 I: 00009400 R: 1   4 00000000 M: 0 0 00000000 00000000
SIMLOG:: Cycle         198 PC: 00000266 I: 0000dced R: 1   3 00000000 M: 0 0 00000000 00000000
SIMLOG:: Cycle         199 PC: 00000268 I: 00005801 R: 1   0 00000000 M: 0 0 00000000 00000000
SIMLOG:: Cycle         200 PC: 0000026a I: 00008820 R: 1   1 00000000 M: 1 0 00000000 00000000
SIMLOG:: Cycle         201 PC: 0000026c I: 00005801 R: 1   0 00000000 M: 0 0 00000000 00000000
SIMLOG:: Cycle         202 PC: 0000026e I: 0000800a R: 0   0 00000000 M: 0 1 0000000a 00000000
SIMLOG:: Cycle         203 PC: 00000270 I: 0000c40f R: 1   4 0000000f M: 0 0 0000000f 00000000
SIMLOG:: Cycle         204 PC: 00000272 I: 0000ce0c R: 1   3 00000000 M: 0 0 00000000 00000000
SIMLOG:: Cycle         205 PC: 00000274 I: 0000e1d8 R: 1   6 00000001 M: 0 0 00000001 00000000
SIMLOG:: Cycle         206 PC: 00000276 I: 00004e83 R: 1   4 00000002 M: 0 0 00000002 00000000
SIMLOG:: Cycle         207 PC: 00000278 I: 0000c60d R: 1   6 0000000d M: 0 0 0000000d 00000000
SIMLOG:: Cycle         208 PC: 0000027a I: 000041ad R: 1   5 0000000d M: 0 0 0000000d 00000000
SIMLOG:: Cycle         209 PC: 0000027c I: 0000f428 R: 1   2 00000000 M: 0 0 00000000 00000000
SIMLOG:: Cycle         210 PC: 0000027e I: 0000ac8c R: 1   4 00002000 M: 0 0 00002000 00000000
SIMLOG:: Cycle         211 PC: 00000280 I: 00004821 R: 1   1 00000001 M: 0 0 00000001 00000000
SIMLOG:: Cycle         212 PC: 00000282 I: 0000dcf0 R: 1   4 00002000 M: 0 0 00002000 00000000
SIMLOG:: Cycle         213 PC: 00000284 I: 0000d40f R: 1   3 00002000 M: 0 0 00002000 00000000
SIMLOG:: Cycle         214 PC: 00000286 I: 0000c904 R: 1   1 00008000 M: 0 0 00008000 00000000
SIMLOG:: Cycle         215 PC: 00000288 I: 0000d22a R: 1   2 00000000 M: 0 0 00000000 00008000
SIMLOG:: Cycle         216 PC: 0000028a I: 0000ec44 R: 1   1 00000000 M: 0 0 00000000 00000000
SIMLOG:: Cycle         217 PC: 0000028c I: 0000c300 R: 1   3 00000000 M: 0 0 00000000 00000000
SIMLOG:: Cycle         218 PC: 0000028e I: 0000c700 R: 1   7 00000000 M: 0 0 00000000 00000000
SIMLOG:: Cycle         219 PC: 00000290 I: 00000800 R: 0   0 00000000 M: 0 0 00000000 00000000
SIMLOG:: Cycle         220 PC: 00000292 I: 00006c1c R: 0   0 00000000 M: 0 0 00002000 00000000
SIMLOG:: Cycle         221 PC: 000002b0 I: 0000f880 R: 1   0 00000000 M: 0 0 00000000 00002000
SIMLOG:: Cycle         222 PC: 000002b2 I: 0000b54d R: 1   2 00000068 M: 0 0 00000068 00000000
SIMLOG:: Cycle         223 PC: 000002b4 I: 0000dbd0 R: 1   4 0000000d M: 0 0 0000000d 0000000d
SIMLOG:: Cycle         224 PC: 000002b6 I: 0000d16e R: 1   3 00000000 M: 0 0 00000000 00000000
SIMLOG:: Cycle         225 PC: 000002b8 I: 0000fee4 R: 1   1 00000000 M: 0 0 00000000 00000000
SIMLOG:: Cycle         226 PC: 000002ba I: 0000d759 R: 1   6 00000000 M: 0 0 00000000 00000068
SIMLOG:: Cycle         227 PC: 000002bc I: 0000db4e R: 1   3 00000068 M: 0 0 00000068 00000068
SIMLOG:: Cycle         228 PC: 000002be I: 00000800 R: 0   0 00000068 M: 0 0 00000000 00000000
SIMLOG:: Cycle         229 PC: 000002c0 I: 00005ec1 R: 1   6 00000000 M: 0 0 00000000 00000000
SIMLOG:: Cycle         230 PC: 000002c2 I: 0000860e R: 0   0 00000000 M: 0 1 0000000e 00000000
SIMLOG:: Cycle         231 PC: 000002c4 I: 0000de0e R: 1   3 00000000 M: 0 0 00000000 00000000
SIMLOG:: Cycle         232 PC: 000002c6 I: 00000800 R: 0   0 00000000 M: 0 0 00000000 00000000
SIMLOG:: Cycle         233 PC: 000002c8 I: 00005801 R: 1   0 00000000 M: 0 0 00000000 00000000
SIMLOG:: Cycle         234 PC: 000002ca I: 000080e2 R: 0   7 00000000 M: 0 1 00000002 00000000
SIMLOG:: Cycle         235 PC: 000002cc I: 0000d2c3 R: 1   0 00000068 M: 0 0 00000068 00000000
SIMLOG:: Cycle         236 PC: 000002ce I: 0000dba9 R: 1   2 0000000d M: 0 0 0000000d 0000000d
SIMLOG:: Cycle         237 PC: 000002d0 I: 00005da1 R: 1   5 0000000c M: 0 0 0000000c 00000068
SIMLOG:: Cycle         238 PC: 000002d2 I: 00009d42 R: 1   5 0000000e M: 0 1 0000000e 0000000d
SIMLOG:: Cycle         239 PC: 000002d4 I: 0000f0f8 R: 1   6 00000000 M: 0 0 00000000 00000000
SIMLOG:: Cycle         240 PC: 000002d6 I: 0000edc4 R: 1   1 00000000 M: 0 0 00000000 00000000
SIMLOG:: Cycle         241 PC: 000002d8 I: 000058ee R: 1   7 00000060 M: 0 0 00000060 00000068
SIMLOG:: Cycle         242 PC: 000002da I: 0000201e R: 0   0 00000060 M: 0 0 000000d0 00000068
SIMLOG:: Cycle         243 PC: 000002fa I: 0000200a R: 0   0 00000060 M: 0 0 000000d0 00000068
SIMLOG:: Cycle         244 PC: 00000306 I: 00002020 R: 0   0 00000060 M: 0 0 000000d0 00000068
SIMLOG:: Cycle         245 PC: 00000328 I: 00002002 R: 0   0 00000060 M: 0 0 000000d0 00000068
SIMLOG:: Cycle         246 PC: 0000032c I: 00002000 R: 0   0 00000060 M: 0 0 000000d0 00000068
SIMLOG:: Cycle         247 PC: 0000032e I: 0000c300 R: 1   3 00000000 M: 0 0 00000000 00000068
SIMLOG:: Cycle         248 PC: 00000330 I: 0000c600 R: 1   6 00000000 M: 0 0 00000000 00000068
SIMLOG:: Cycle         249 PC: 00000332 I: 00007714 R: 0   0 00000000 M: 0 0 000000c8 00000068
SIMLOG:: Cycle         250 PC: 00000334 I: 0000d498 R: 1   6 0000a000 M: 0 0 0000a000 0000000d
SIMLOG:: Cycle         251 PC: 00000336 I: 0000a2ce R: 1   6 00004003 M: 0 0 00004003 00000068
SIMLOG:: Cycle         252 PC: 00000338 I: 0000de7a R: 1   6 00004003 M: 0 0 00004003 00000000
SIMLOG:: Cycle         253 PC: 0000033a I: 0000cd04 R: 1   1 00007000 M: 0 0 00007000 00000068
SIMLOG:: Cycle         254 PC: 0000033c I: 0000910c R: 1   1 0000000c M: 0 0 0000000c 00000068
SIMLOG:: Cycle         255 PC: 0000033e I: 0000d8b2 R: 1   4 00000066 M: 0 0 00000066 0000000e
SIMLOG:: Cycle         256 PC: 00000340 I: 00004466 R: 1   3 0000006c M: 0 0 0000006c 00000068
SIMLOG:: Cycle         257 PC: 00000342 I: 0000ee74 R: 1   5 00000000 M: 0 0 00000000 0000006c
SIMLOG:: Cycle         258 PC: 00000344 I: 00009407 R: 1   4 00006607 M: 0 0 00006607 00000068
SIMLOG:: Cycle         259 PC: 00000346 I: 00009202 R: 1   2 00000d02 M: 0 0 00000d02 00000068
SIMLOG:: Cycle         260 PC: 00000348 I: 00009707 R: 1   7 00006007 M: 0 0 00006007 00000068
SIMLOG:: Cycle         261 PC: 0000034a I: 000052c0 R: 1   6 00000d02 M: 0 0 00000d02 00000068
SIMLOG:: Cycle         262 PC: 0000034c I: 0000a240 R: 1   2 00000d02 M: 0 0 00000d02 00000068
SIMLOG:: Cycle         263 PC: 0000034e I: 0000dd18 R: 1   6 00000068 M: 0 0 00000068 00000068
SIMLOG:: Cycle         264 PC: 00000350 I: 00005c81 R: 1   4 00006606 M: 0 0 00006606 00000068
SIMLOG:: Cycle         265 PC: 00000352 I: 00009c86 R: 1   4 0000660c M: 0 1 0000660c 00006606
SIMLOG:: Cycle         266 PC: 00000354 I: 00004c83 R: 1   4 000099f7 M: 0 0 000099f7 00000068
SIMLOG:: Cycle         267 PC: 00000356 I: 0000e358 R: 1   6 00000000 M: 0 0 00000000 00000d02
SIMLOG:: Cycle         268 PC: 00000358 I: 00005ec1 R: 1   6 00000000 M: 0 0 00000000 00000068
SIMLOG:: Cycle         269 PC: 0000035a I: 00008ea2 R: 1   5 00000000 M: 1 0 00000002 00000068
SIMLOG:: Cycle         270 PC: 0000035c I: 00004bef R: 1   7 0000ffa3 M: 0 0 0000ffa3 00000068
SIMLOG:: Cycle         271 PC: 0000035e I: 0000d358 R: 1   6 000001b0 M: 0 0 000001b0 00000d02
SIMLOG:: Cycle         272 PC: 00000360 I: 00002014 R: 0   0 000001b0 M: 0 0 000000d0 00000068
SIMLOG:: Cycle         273 PC: 00000376 I: 0000c300 R: 1   3 00000000 M: 0 0 00000000 00000068
SIMLOG:: Cycle         274 PC: 00000378 I: 0000c200 R: 1   2 00000000 M: 0 0 00000000 00000068
SIMLOG:: Cycle         275 PC: 0000037a I: 00006308 R: 0   0 00000000 M: 0 0 00000068 00000068
SIMLOG:: Cycle         276 PC: 00000384 I: 0000f044 R: 1   1 00000000 M: 0 0 00000000 00000000
SIMLOG:: Cycle         277 PC: 00000386 I: 0000ed98 R: 1   6 00000000 M: 0 0 00000000 000099f7
SIMLOG:: Cycle         278 PC: 00000388 I: 0000c30d R: 1   3 0000000d M: 0 0 0000000d 00000068
SIMLOG:: Cycle         279 PC: 0000038a I: 00000800 R: 0   0 0000000d M: 0 0 000000d0 00000068
SIMLOG:: Cycle         280 PC: 0000038c I: 00005c81 R: 1   4 000099f6 M: 0 0 000099f6 00000068
SIMLOG:: Cycle         281 PC: 0000038e I: 00009c44 R: 1   4 000099fa M: 0 1 000099fa 00000000
SIMLOG:: Cycle         282 PC: 00000390 I: 00002016 R: 0   0 000099fa M: 0 0 000000d0 00000068
SIMLOG:: Cycle         283 PC: 000003a8 I: 00002010 R: 0   0 000099fa M: 0 0 000000d0 00000068
SIMLOG:: Cycle         284 PC: 000003ba I: 0000c300 R: 1   3 00000000 M: 0 0 00000000 00000068
SIMLOG:: Cycle         285 PC: 000003bc I: 0000c100 R: 1   1 00000000 M: 0 0 00000000 00000068
SIMLOG:: Cycle         286 PC: 000003be I: 00007e00 R: 0   0 00000000 M: 0 0 00000068 00000068
SIMLOG:: Cycle         287 PC: 000003c0 I: 0000c300 R: 1   3 00000000 M: 0 0 00000000 00000068
SIMLOG:: Cycle         288 PC: 000003c2 I: 0000c700 R: 1   7 00000000 M: 0 0 00000000 00000068
SIMLOG:: Cycle         289 PC: 000003c4 I: 00000800 R: 0   0 00000000 M: 0 0 000000d0 00000068
SIMLOG:: Cycle         290 PC: 000003c6 I: 00006714 R: 0   0 00000000 M: 0 0 00000068 00000068
SIMLOG:: Cycle         291 PC: 000003dc I: 00005ec1 R: 1   6 00000000 M: 0 0 00000000 00000068
SIMLOG:: Cycle         292 PC: 000003de I: 00009e88 R: 1   6 00000008 M: 0 1 00000008 000099fa
SIMLOG:: Cycle         293 PC: 000003e0 I: 0000c009 R: 1   0 00000009 M: 0 0 00000009 00000068
SIMLOG:: Cycle         294 PC: 000003e2 I: 0000cc18 R: 1   6 00005f99 M: 0 0 00005f99 00000009
SIMLOG:: Cycle         295 PC: 000003e4 I: 0000fba4 R: 1   1 00000000 M: 0 0 00000000 00000000
SIMLOG:: Cycle         296 PC: 000003e6 I: 00000800 R: 0   0 00000000 M: 0 0 00000012 00000009
SIMLOG:: Cycle         297 PC: 000003e8 I: 00005a41 R: 1   2 00000000 M: 0 0 00000000 00000009
SIMLOG:: Cycle         298 PC: 000003ea I: 00008ae2 R: 1   7 00000000 M: 1 0 00000002 00000009
SIMLOG:: Cycle         299 PC: 000003ec I: 0000f4a4 R: 1   1 00000001 M: 0 0 00000001 00000000
SIMLOG:: Cycle         300 PC: 000003ee I: 0000c814 R: 1   5 00009000 M: 0 0 00009000 00000009
SIMLOG:: Cycle         301 PC: 000003f0 I: 0000e120 R: 1   0 00000001 M: 0 0 00000001 00000001
SIMLOG:: Cycle         302 PC: 000003f2 I: 0000da30 R: 1   4 00000001 M: 0 0 00000001 00000001
SIMLOG:: Cycle         303 PC: 000003f4 I: 000051cb R: 1   6 0000000a M: 0 0 0000000a 00000001
SIMLOG:: Cycle         304 PC: 000003f6 I: 00000800 R: 0   0 0000000a M: 0 0 00000002 00000001
SIMLOG:: Cycle         305 PC: 000003f8 I: 00005a41 R: 1   2 00000000 M: 0 0 00000000 00000001
SIMLOG:: Cycle         306 PC: 000003fa I: 00008ac6 R: 1   6 00009198 M: 1 0 00000006 00000001
SIMLOG:: Cycle         307 PC: 000003fc I: 0000db65 R: 1   1 00000000 M: 0 0 00000000 00000000
SIMLOG:: Cycle         308 PC: 000003fe I: 0000df1f R: 1   7 00000000 M: 0 0 00000000 00000001
SIMLOG:: Cycle         309 PC: 00000400 I: 00005a41 R: 1   2 00000000 M: 0 0 00000000 00000001
SIMLOG:: Cycle         310 PC: 00000402 I: 00008a2c R: 1   1 00000000 M: 1 0 0000000c 00000001
SIMLOG:: Cycle         311 PC: 00000404 I: 00002006 R: 0   0 00000000 M: 0 0 00000002 00000001
SIMLOG:: Cycle         312 PC: 0000040c I: 0000c400 R: 1   4 00000000 M: 0 0 00000000 00000001
SIMLOG:: Cycle         313 PC: 0000040e I: 0000c700 R: 1   7 00000000 M: 0 0 00000000 00000001
SIMLOG:: Cycle         314 PC: 00000410 I: 00000800 R: 0   0 00000000 M: 0 0 00000002 00000001
SIMLOG:: Cycle         315 PC: 00000412 I: 0000690c R: 0   0 00000000 M: 0 0 00000001 00000001
SIMLOG:: Cycle         316 PC: 00000414 I: 00005e09 R: 1   0 00009190 M: 0 0 00009190 00000001
SIMLOG:: Cycle         317 PC: 00000416 I: 00004c0d R: 1   0 0000000d M: 0 0 0000000d 00009190
SIMLOG:: Cycle         318 PC: 00000418 I: 0000b30d R: 1   0 00000000 M: 0 0 00000000 0000000d
SIMLOG:: Cycle         319 PC: 0000041a I: 0000d014 R: 1   5 00000000 M: 0 0 00000000 00000000
SIMLOG:: Cycle         320 PC: 0000041c I: 00005c81 R: 1   4 00000000 M: 0 0 00000000 00000000
SIMLOG:: Cycle         321 PC: 0000041e I: 00008ca2 R: 1   5 00000000 M: 1 0 00000002 00000000
SIMLOG:: Cycle         322 PC: 00000420 I: 0000d0bf R: 1   7 00000000 M: 0 0 00000000 00000000
SIMLOG:: Cycle         323 PC: 00000422 I: 00000800 R: 0   0 00000000 M: 0 0 00000000 00000000
SIMLOG:: Cycle         324 PC: 00000424 I: 00005921 R: 1   1 00000000 M: 0 0 00000000 00000000
SIMLOG:: Cycle         325 PC: 00000426 I: 000081ca R: 0   6 00000000 M: 0 1 0000000a 00009198
SIMLOG:: Cycle         326 PC: 00000428 I: 0000b1a0 R: 1   5 00000000 M: 0 0 00000000 00000000
SIMLOG:: Cycle         327 PC: 0000042a I: 00005065 R: 1   3 00000005 M: 0 0 00000005 00000000
SIMLOG:: Cycle         328 PC: 0000042c I: 0000e088 R: 1   2 00000001 M: 0 0 00000001 00000000
SIMLOG:: Cycle         329 PC: 0000042e I: 0000d566 R: 1   1 00000000 M: 0 0 00000000 00000005
SIMLOG:: Cycle         330 PC: 00000430 I: 0000b504 R: 1   0 00000000 M: 0 0 00000000 00000000
SIMLOG:: Cycle         331 PC: 00000432 I: 0000201c R: 0   0 00000000 M: 0 0 00000000 00000000
SIMLOG:: Cycle         332 PC: 00000450 I: 0000201e R: 0   0 00000000 M: 0 0 00000000 00000000
SIMLOG:: Cycle         333 PC: 00000470 I: 0000c500 R: 1   5 00000000 M: 0 0 00000000 00000000
SIMLOG:: Cycle         334 PC: 00000472 I: 0000c500 R: 1   5 00000000 M: 0 0 00000000 00000000
SIMLOG:: Cycle         335 PC: 00000474 I: 00000800 R: 0   0 00000000 M: 0 0 00000000 00000000
SIMLOG:: Cycle         336 PC: 00000476 I: 00007814 R: 0   0 00000000 M: 0 0 00000000 00000000
SIMLOG:: Cycle         337 PC: 0000048c I: 0000d4b7 R: 1   5 00000000 M: 0 0 00000000 00000000
SIMLOG:: Cycle         338 PC: 0000048e I: 0000ce04 R: 1   1 00001989 M: 0 0 00001989 00000000
SIMLOG:: Cycle         339 PC: 00000490 I: 0000d28a R: 1   2 00000001 M: 0 0 00000001 00000000
SIMLOG:: Cycle         340 PC: 00000492 I: 00000800 R: 0   0 00000001 M: 0 0 00000000 00000000
SIMLOG:: Cycle         341 PC: 00000494 I: 00005c81 R: 1   4 00000000 M: 0 0 00000000 00000000
SIMLOG:: Cycle         342 PC: 00000496 I: 00008c0c R: 1   0 00000000 M: 1 0 0000000c 00000000
SIMLOG:: Cycle         343 PC: 00000498 I: 00005da1 R: 1   5 00000000 M: 0 0 00000000 00000000
SIMLOG:: Cycle         344 PC: 0000049a I: 00009daa R: 1   5 0000000a M: 0 1 0000000a 00000000
SIMLOG:: Cycle         345 PC: 0000049c I: 0000ff40 R: 1   0 00000000 M: 0 0 00000000 00000001
SIMLOG:: Cycle         346 PC: 0000049e I: 0000d27e R: 1   7 00000020 M: 0 0 00000020 00000005
SIMLOG:: Cycle         347 PC: 000004a0 I: 0000da6c R: 1   3 00000006 M: 0 0 00000006 00000005
SIMLOG:: Cycle         348 PC: 000004a2 I: 0000e19c R: 1   7 00000000 M: 0 0 00000000 00000000
SIMLOG:: Cycle         349 PC: 000004a4 I: 0000bd0c R: 1   0 00000000 M: 0 0 00000000 00000000
SIMLOG:: Cycle         350 PC: 000004a6 I: 0000ffcc R: 1   3 00000000 M: 0 0 00000000 00009198
SIMLOG:: Cycle         351 PC: 000004a8 I: 00005fe1 R: 1   7 00000000 M: 0 0 00000000 00000000
SIMLOG:: Cycle         352 PC: 000004aa I: 0000874a R: 0   2 00000000 M: 0 1 0000000a 00000001
SIMLOG:: Cycle         353 PC: 000004ac I: 0000c300 R: 1   3 00000000 M: 0 0 00000000 00000000
SIMLOG:: Cycle         354 PC: 000004ae I: 0000c300 R: 1   3 00000000 M: 0 0 00000000 00000000
SIMLOG:: Cycle         355 PC: 000004b0 I: 00000800 R: 0   0 00000000 M: 0 0 00000000 00000000
SIMLOG:: Cycle         356 PC: 000004b2 I: 0000741c R: 0   0 00000000 M: 0 0 00000000 00000000
SIMLOG:: Cycle         357 PC: 000004b4 I: 0000e384 R: 1   1 00000001 M: 0 0 00000001 00000000
SIMLOG:: Cycle         358 PC: 000004b6 I: 0000aeee R: 1   7 00000000 M: 0 0 00000000 00000000
SIMLOG:: Cycle         359 PC: 000004b8 I: 0000d778 R: 1   6 00000000 M: 0 0 00000000 00000000
SIMLOG:: Cycle         360 PC: 000004ba I: 0000d077 R: 1   5 00000000 M: 0 0 00000000 00000000
SIMLOG:: Cycle         361 PC: 000004bc I: 00005da1 R: 1   5 00000000 M: 0 0 00000000 00000000
SIMLOG:: Cycle         362 PC: 000004be I: 00008d2a R: 1   1 00000001 M: 1 0 0000000a 00000000
SIMLOG:: Cycle         363 PC: 000004c0 I: 00005c81 R: 1   4 00000000 M: 0 0 00000000 00000000
SIMLOG:: Cycle         364 PC: 000004c2 I: 00009c0e R: 1   4 0000000e M: 0 1 0000000e 00000000
SIMLOG:: Cycle         365 PC: 000004c4 I: 00004203 R: 1   0 00000004 M: 0 0 00000004 00000000
SIMLOG:: Cycle         366 PC: 000004c6 I: 00000800 R: 0   0 00000004 M: 0 0 00000008 00000004
SIMLOG:: Cycle         367 PC: 000004c8 I: 00005921 R: 1   1 00000000 M: 0 0 00000000 00000004
SIMLOG:: Cycle         368 PC: 000004ca I: 000089a6 R: 1   5 00009198 M: 1 0 00000006 00000004
SIMLOG:: Cycle         369 PC: 000004cc I: 0000d79b R: 1   6 00000000 M: 0 0 00000000 0000000e
SIMLOG:: Cycle         370 PC: 000004ce I: 0000de26 R: 1   1 00000000 M: 0 0 00000000 00000000
SIMLOG:: Cycle         371 PC: 000004d0 I: 0000d55c R: 1   7 00002330 M: 0 0 00002330 00000001
SIMLOG:: Cycle         372 PC: 000004d2 I: 00005c64 R: 1   3 0000000a M: 0 0 0000000a 00000004
SIMLOG:: Cycle         373 PC: 000004d4 I: 0000dfff R: 1   7 00000000 M: 0 0 00000000 00002330
SIMLOG:: Cycle         374 PC: 000004d6 I: 0000c804 R: 1   1 00002000 M: 0 0 00002000 00000004
SIMLOG:: Cycle         375 PC: 000004d8 I: 0000d496 R: 1   5 00008003 M: 0 0 00008003 0000000e
SIMLOG:: Cycle         376 PC: 000004da I: 0000d4e8 R: 1   2 0000000e M: 0 0 0000000e 00000000
SIMLOG:: Cycle         377 PC: 000004dc I: 0000dffa R: 1   6 00000000 M: 0 0 00000000 00000000
SIMLOG:: Cycle         378 PC: 000004de I: 0000dbdc R: 1   7 0000000a M: 0 0 0000000a 00000000
SIMLOG:: Cycle         379 PC: 000004e0 I: 0000a3ec R: 1   7 0000a000 M: 0 0 0000a000 00000004
SIMLOG:: Cycle         380 PC: 000004e2 I: 00004fe1 R: 1   7 00006001 M: 0 0 00006001 00000004
SIMLOG:: Cycle         381 PC: 000004e4 I: 00005921 R: 1   1 00002000 M: 0 0 00002000 00000004
SIMLOG:: Cycle         382 PC: 000004e6 I: 00009984 R: 1   1 00002004 M: 0 1 00002004 0000000e
SIMLOG:: Cycle         383 PC: 000004e8 I: 0000ea5c R: 1   7 00000000 M: 0 0 00000000 0000000e
SIMLOG:: Cycle         384 PC: 000004ea I: 0000dbf0 R: 1   4 0000000a M: 0 0 0000000a 00000000
SIMLOG:: Cycle         385 PC: 000004ec I: 0000aae0 R: 1   7 0000000e M: 0 0 0000000e 00000004
SIMLOG:: Cycle         386 PC: 000004ee I: 0000d860 R: 1   0 0000000e M: 0 0 0000000e 0000000a
SIMLOG:: Cycle         387 PC: 000004f0 I: 00005a41 R: 1   2 0000000e M: 0 0 0000000e 0000000e
SIMLOG:: Cycle         388 PC: 000004f2 I: 00008ae6 R: 1   7 0000c5af M: 1 0 00000014 0000000e
SIMLOG:: Cycle         389 PC: 000004f4 I: 0000d4a3 R: 1   0 00004001 M: 0 0 00004001 00008003
SIMLOG:: Cycle         390 PC: 000004f6 I: 00000800 R: 0   0 00004001 M: 0 0 00008002 00004001
SIMLOG:: Cycle         391 PC: 000004f8 I: 00005921 R: 1   1 00002004 M: 0 0 00002004 00004001
SIMLOG:: Cycle         392 PC: 000004fa I: 00009944 R: 1   1 00002008 M: 0 1 00002008 0000000e
SIMLOG:: Cycle         393 PC: 000004fc I: 0000c100 R: 1   1 00000000 M: 0 0 00000000 00004001
SIMLOG:: Cycle         394 PC: 000004fe I: 0000c700 R: 1   7 00000000 M: 0 0 00000000 00004001
SIMLOG:: Cycle         395 PC: 00000500 I: 00000800 R: 0   0 00000000 M: 0 0 00008002 00004001
SIMLOG:: Cycle         396 PC: 00000502 I: 00006e04 R: 0   0 00000000 M: 0 0 00004001 00004001
SIMLOG:: Cycle         397 PC: 00000504 I: 0000d532 R: 1   4 00008003 M: 0 0 00008003 00000000
SIMLOG:: Cycle         398 PC: 00000506 I: 0000d663 R: 1   0 00000000 M: 0 0 00000000 0000000a
SIMLOG:: Cycle         399 PC: 00000508 I: 00004c63 R: 1   3 00008000 M: 0 0 00008000 00000000
SIMLOG:: Cycle         400 PC: 0000050a I: 0000f5f4 R: 1   5 00000001 M: 0 0 00000001 00000000
SIMLOG:: Cycle         401 PC: 0000050c I: 00002002 R: 0   0 00000001 M: 0 0 00000000 00000000
SIMLOG:: Cycle         402 PC: 00000510 I: 0000c300 R: 1   3 00000000 M: 0 0 00000000 00000000
SIMLOG:: Cycle         403 PC: 00000512 I: 0000c100 R: 1   1 00000000 M: 0 0 00000000 00000000
SIMLOG:: Cycle         404 PC: 00000514 I: 00000800 R: 0   0 00000000 M: 0 0 00000000 00000000
SIMLOG:: Cycle         405 PC: 00000516 I: 00007900 R: 0   0 00000000 M: 0 0 00000000 00000000
SIMLOG:: Cycle         406 PC: 00000518 I: 0000c500 R: 1   5 00000000 M: 0 0 00000000 00000000
SIMLOG:: Cycle         407 PC: 0000051a I: 0000c500 R: 1   5 00000000 M: 0 0 00000000 00000000
SIMLOG:: Cycle         408 PC: 0000051c I: 00000800 R: 0   0 00000000 M: 0 0 00000000 00000000
SIMLOG:: Cycle         409 PC: 0000051e I: 0000611c R: 0   0 00000000 M: 0 0 00000000 00000000
SIMLOG:: Cycle         410 PC: 0000053c I: 0000b442 R: 1   2 0000e000 M: 0 0 0000e000 00000000
SIMLOG:: Cycle         411 PC: 0000053e I: 0000e4d0 R: 1   4 00000000 M: 0 0 00000000 00000000
SIMLOG:: Cycle         412 PC: 00000540 I: 0000920d R: 1   2 0000000d M: 0 0 0000000d 00000000
SIMLOG:: Cycle         413 PC: 00000542 I: 0000c40e R: 1   4 0000000e M: 0 0 0000000e 00000000
SIMLOG:: Cycle         414 PC: 00000544 I: 0000d3d0 R: 1   4 00000000 M: 0 0 00000000 00000000
SIMLOG:: Cycle         415 PC: 00000546 I: 0000b087 R: 1   4 00000000 M: 0 0 00000000 00000000
SIMLOG:: Cycle         416 PC: 00000548 I: 0000c70d R: 1   7 0000000d M: 0 0 0000000d 00000000
SIMLOG:: Cycle         417 PC: 0000054a I: 00009100 R: 1   1 00000000 M: 0 0 00000000 00000000
SIMLOG:: Cycle         418 PC: 0000054c I: 0000dfc5 R: 1   1 0000fff3 M: 0 0 0000fff3 00000000
SIMLOG:: Cycle         419 PC: 0000054e I: 0000d90a R: 1   2 0000fff3 M: 0 0 0000fff3 00000000
SIMLOG:: Cycle         420 PC: 00000550 I: 0000d33e R: 1   7 00000000 M: 0 0 00000000 0000fff3
SIMLOG:: Cycle         421 PC: 00000552 I: 0000dee7 R: 1   1 00000000 M: 0 0 00000000 00000000
SIMLOG:: Cycle         422 PC: 00000554 I: 0000d1e8 R: 1   2 00000000 M: 0 0 00000000 00000000
SIMLOG:: Cycle         423 PC: 00000556 I: 00004146 R: 1   2 00000006 M: 0 0 00000006 00000000
SIMLOG:: Cycle         424 PC: 00000558 I: 00004245 R: 1   2 0000000b M: 0 0 0000000b 00000000
SIMLOG:: Cycle         425 PC: 0000055a I: 0000d6db R: 1   6 00000000 M: 0 0 00000000 00000000
SIMLOG:: Cycle         426 PC: 0000055c I: 00005a41 R: 1   2 0000000a M: 0 0 0000000a 00000000
SIMLOG:: Cycle         427 PC: 0000055e I: 000082ac R: 0   5 0000000a M: 0 1 00000016 00000000
SIMLOG:: Cycle         428 PC: 00000560 I: 0000c200 R: 1   2 00000000 M: 0 0 00000000 00000000
SIMLOG:: Cycle         429 PC: 00000562 I: 0000c400 R: 1   4 00000000 M: 0 0 00000000 00000000
SIMLOG:: Cycle         430 PC: 00000564 I: 00000800 R: 0   0 00000000 M: 0 0 00000000 00000000
SIMLOG:: Cycle         431 PC: 00000566 I: 0000701c R: 0   0 00000000 M: 0 0 00000000 00000000
SIMLOG:: Cycle         432 PC: 00000568 I: 0000496d R: 1   3 0000000d M: 0 0 0000000d 00000000
SIMLOG:: Cycle         433 PC: 0000056a I: 0000d7b7 R: 1   5 00000000 M: 0 0 00000000 00000000
SIMLOG:: Cycle         434 PC: 0000056c I: 00004e63 R: 1   3 00000003 M: 0 0 00000003 00000000
SIMLOG:: Cycle         435 PC: 0000056e I: 0000af65 R: 1   3 00000000 M: 0 0 00000000 00000000
SIMLOG:: Cycle         436 PC: 00000570 I: 0000d10c R: 1   3 00000000 M: 0 0 00000000 00000000
SIMLOG:: Cycle         437 PC: 00000572 I: 0000d175 R: 1   5 00000000 M: 0 0 00000000 00000000
SIMLOG:: Cycle         438 PC: 00000574 I: 0000f894 R: 1   5 00000000 M: 0 0 00000000 00000000
SIMLOG:: Cycle         439 PC: 00000576 I: 0000dcac R: 1   3 00000000 M: 0 0 00000000 00000000
SIMLOG:: Cycle         440 PC: 00000578 I: 0000de63 R: 1   0 00000000 M: 0 0 00000000 00000000
SIMLOG:: Cycle         441 PC: 0000057a I: 00009303 R: 1   3 00000003 M: 0 0 00000003 00000000
SIMLOG:: Cycle         442 PC: 0000057c I: 0000b2c8 R: 1   6 00000000 M: 0 0 00000000 00000000
SIMLOG:: Cycle         443 PC: 0000057e I: 0000df6d R: 1   3 00000003 M: 0 0 00000003 00000003
SIMLOG:: Cycle         444 PC: 00000580 I: 0000920a R: 1   2 0000000a M: 0 0 0000000a 00000000
SIMLOG:: Cycle         445 PC: 00000582 I: 0000d31a R: 1   6 00000003 M: 0 0 00000003 00000000
SIMLOG:: Cycle         446 PC: 00000584 I: 0000dc51 R: 1   4 0000000a M: 0 0 0000000a 0000000a
SIMLOG:: Cycle         447 PC: 00000586 I: 0000d6a2 R: 1   0 00000003 M: 0 0 00000003 00000000
SIMLOG:: Cycle         448 PC: 00000588 I: 0000d29d R: 1   7 00000000 M: 0 0 00000000 0000000a
SIMLOG:: Cycle         449 PC: 0000058a I: 0000dcf7 R: 1   5 0000000a M: 0 0 0000000a 00000000
SIMLOG:: Cycle         450 PC: 0000058c I: 0000d1de R: 1   7 00000000 M: 0 0 00000000 00000003
SIMLOG:: Cycle         451 PC: 0000058e I: 0000e924 R: 1   1 00000000 M: 0 0 00000000 00000000
SIMLOG:: Cycle         452 PC: 00000590 I: 0000c604 R: 1   6 00000004 M: 0 0 00000004 00000003
SIMLOG:: Cycle         453 PC: 00000592 I: 00000800 R: 0   0 00000004 M: 0 0 00000006 00000003
SIMLOG:: Cycle         454 PC: 00000594 I: 00005c81 R: 1   4 0000000a M: 0 0 0000000a 00000003
SIMLOG:: Cycle         455 PC: 00000596 I: 00009c00 R: 1   4 0000000a M: 0 1 0000000a 00000003
SIMLOG:: Cycle         456 PC: 00000598 I: 0000a781 R: 1   4 00000000 M: 0 0 00000000 00000003
SIMLOG:: Cycle         457 PC: 0000059a I: 0000d02d R: 1   3 00000003 M: 0 0 00000003 00000000
SIMLOG:: Cycle         458 PC: 0000059c I: 0000f904 R: 1   1 00000000 M: 0 0 00000000 00000003
SIMLOG:: Cycle         459 PC: 0000059e I: 0000d30c R: 1   3 00000018 M: 0 0 00000018 00000003
SIMLOG:: Cycle         460 PC: 000005a0 I: 0000ed14 R: 1   5 00000000 M: 0 0 00000000 00000003
SIMLOG:: Cycle         461 PC: 000005a2 I: 0000e998 R: 1   6 00000000 M: 0 0 00000000 00000000
SIMLOG:: Cycle         462 PC: 000005a4 I: 0000c700 R: 1   7 00000000 M: 0 0 00000000 00000003
SIMLOG:: Cycle         463 PC: 000005a6 I: 0000c700 R: 1   7 00000000 M: 0 0 00000000 00000003
SIMLOG:: Cycle         464 PC: 000005a8 I: 00000800 R: 0   0 00000000 M: 0 0 00000006 00000003
SIMLOG:: Cycle         465 PC: 000005aa I: 00006b18 R: 0   0 00000000 M: 0 0 0000001b 00000003
SIMLOG:: Cycle         466 PC: 000005c4 I: 00005546 R: 1   2 00000006 M: 0 0 00000006 00000003
SIMLOG:: Cycle         467 PC: 000005c6 I: 00004fec R: 1   7 0000000c M: 0 0 0000000c 00000003
SIMLOG:: Cycle         468 PC: 000005c8 I: 00005c81 R: 1   4 00000000 M: 0 0 00000000 00000003
SIMLOG:: Cycle         469 PC: 000005ca I: 000084ac R: 0   5 00000000 M: 0 1 0000000c 00000000
SIMLOG:: Cycle         470 PC: 000005cc I: 00004146 R: 1   2 00000006 M: 0 0 00000006 00000003
SIMLOG:: Cycle         471 PC: 000005ce I: 0000e120 R: 1   0 00000001 M: 0 0 00000001 00000000
SIMLOG:: Cycle         472 PC: 000005d0 I: 0000b30f R: 1   0 00000030 M: 0 0 00000030 00000001
SIMLOG:: Cycle         473 PC: 000005d2 I: 0000dd9a R: 1   6 00000000 M: 0 0 00000000 00000000
SIMLOG:: Cycle         474 PC: 000005d4 I: 0000d025 R: 1   1 00000030 M: 0 0 00000030 00000000
SIMLOG:: Cycle         475 PC: 000005d6 I: 0000bcea R: 1   7 00000000 M: 0 0 00000000 00000030
SIMLOG:: Cycle         476 PC: 000005d8 I: 0000ddb3 R: 1   4 00000000 M: 0 0 00000000 00000000
SIMLOG:: Cycle         477 PC: 000005da I: 0000ab29 R: 1   1 00003000 M: 0 0 00003000 00000030
SIMLOG:: Cycle         478 PC: 000005dc I: 0000abc0 R: 1   6 00000018 M: 0 0 00000018 00000030
SIMLOG:: Cycle         479 PC: 000005de I: 0000f9a0 R: 1   0 00000000 M: 0 0 00000000 00000000
SIMLOG:: Cycle         480 PC: 000005e0 I: 0000bc68 R: 1   3 00000000 M: 0 0 00000000 00000000
SIMLOG:: Cycle         481 PC: 000005e2 I: 0000c100 R: 1   1 00000000 M: 0 0 00000000 00000000
SIMLOG:: Cycle         482 PC: 000005e4 I: 0000c700 R: 1   7 00000000 M: 0 0 00000000 00000000
SIMLOG:: Cycle         483 PC: 000005e6 I: 00007f04 R: 0   0 00000000 M: 0 0 00000000 00000000
SIMLOG:: Cycle         484 PC: 000005ec I: 0000f88c R: 1   3 00000000 M: 0 0 00000000 00000000
SIMLOG:: Cycle         485 PC: 000005ee I: 0000d9a7 R: 1   1 00000000 M: 0 0 00000000 00000000
SIMLOG:: Cycle         486 PC: 000005f0 I: 0000ad2b R: 1   1 00000000 M: 0 0 00000000 00000000
SIMLOG:: Cycle         487 PC: 000005f2 I: 00002010 R: 0   0 00000000 M: 0 0 00000000 00000000
SIMLOG:: Cycle         488 PC: 00000604 I: 0000c200 R: 1   2 00000000 M: 0 0 00000000 00000000
SIMLOG:: Cycle         489 PC: 00000606 I: 0000c600 R: 1   6 00000000 M: 0 0 00000000 00000000
SIMLOG:: Cycle         490 PC: 00000608 I: 00000800 R: 0   0 00000000 M: 0 0 00000000 00000000
SIMLOG:: Cycle         491 PC: 0000060a I: 00007504 R: 0   0 00000000 M: 0 0 00000000 00000000
SIMLOG:: Cycle         492 PC: 0000060c I: 0000db62 R: 1   0 00000000 M: 0 0 00000000 00000000
SIMLOG:: Cycle         493 PC: 0000060e I: 0000d493 R: 1   4 00000000 M: 0 0 00000000 00000000
SIMLOG:: Cycle         494 PC: 00000610 I: 0000daf4 R: 1   5 00000000 M: 0 0 00000000 00000000
SIMLOG:: Cycle         495 PC: 00000612 I: 0000daeb R: 1   2 00000000 M: 0 0 00000000 00000000
SIMLOG:: Cycle         496 PC: 00000614 I: 0000201a R: 0   0 00000000 M: 0 0 00000000 00000000
SIMLOG:: Cycle         497 PC: 00000630 I: 00002002 R: 0   0 00000000 M: 0 0 00000000 00000000
SIMLOG:: Cycle         498 PC: 00000634 I: 0000201c R: 0   0 00000000 M: 0 0 00000000 00000000
SIMLOG:: Cycle         499 PC: 00000652 I: 0000201a R: 0   0 00000000 M: 0 0 00000000 00000000
SIMLOG:: Cycle         500 PC: 0000066e I: 0000201c R: 0   0 00000000 M: 0 0 00000000 00000000
SIMLOG:: Cycle         501 PC: 0000068c I: 0000c300 R: 1   3 00000000 M: 0 0 00000000 00000000
SIMLOG:: Cycle         502 PC: 0000068e I: 0000c200 R: 1   2 00000000 M: 0 0 00000000 00000000
SIMLOG:: Cycle         503 PC: 00000690 I: 00000800 R: 0   0 00000000 M: 0 0 00000000 00000000
SIMLOG:: Cycle         504 PC: 00000692 I: 00006f00 R: 0   0 00000000 M: 0 0 00000000 00000000
SIMLOG:: Cycle         505 PC: 00000694 I: 00002016 R: 0   0 00000000 M: 0 0 00000000 00000000
SIMLOG:: Cycle         506 PC: 000006ac I: 0000c400 R: 1   4 00000000 M: 0 0 00000000 00000000
SIMLOG:: Cycle         507 PC: 000006ae I: 0000c300 R: 1   3 00000000 M: 0 0 00000000 00000000
SIMLOG:: Cycle         508 PC: 000006b0 I: 00000800 R: 0   0 00000000 M: 0 0 00000000 00000000
SIMLOG:: Cycle         509 PC: 000006b2 I: 00007804 R: 0   0 00000000 M: 0 0 00000000 00000000
SIMLOG:: Cycle         510 PC: 000006b8 I: 0000fd04 R: 1   1 00000000 M: 0 0 00000000 00000000
SIMLOG:: Cycle         511 PC: 000006ba I: 0000d458 R: 1   6 00000000 M: 0 0 00000000 00000000
SIMLOG:: Cycle         512 PC: 000006bc I: 00002008 R: 0   0 00000000 M: 0 0 00000000 00000000
SIMLOG:: Cycle         513 PC: 000006c6 I: 0000c500 R: 1   5 00000000 M: 0 0 00000000 00000000
SIMLOG:: Cycle         514 PC: 000006c8 I: 0000c300 R: 1   3 00000000 M: 0 0 00000000 00000000
SIMLOG:: Cycle         515 PC: 000006ca I: 00006310 R: 0   0 00000000 M: 0 0 00000000 00000000
SIMLOG:: Cycle         516 PC: 000006dc I: 0000442d R: 1   1 0000000d M: 0 0 0000000d 00000000
SIMLOG:: Cycle         517 PC: 000006de I: 0000950e R: 1   5 0000000e M: 0 0 0000000e 00000000
SIMLOG:: Cycle         518 PC: 000006e0 I: 0000e634 R: 1   5 00000000 M: 0 0 00000000 0000000d
SIMLOG:: Cycle         519 PC: 000006e2 I: 0000d8b2 R: 1   4 00000000 M: 0 0 00000000 00000000
SIMLOG:: Cycle         520 PC: 000006e4 I: 0000dd3f R: 1   7 00000000 M: 0 0 00000000 0000000d
SIMLOG:: Cycle         521 PC: 000006e6 I: 0000df79 R: 1   6 00000000 M: 0 0 00000000 00000000
SIMLOG:: Cycle         522 PC: 000006e8 I: 0000da71 R: 1   4 00000000 M: 0 0 00000000 00000000
SIMLOG:: Cycle         523 PC: 000006ea I: 0000d3ff R: 1   7 00000000 M: 0 0 00000000 00000000
SIMLOG:: Cycle         524 PC: 000006ec I: 0000d58e R: 1   3 00000000 M: 0 0 00000000 00000000
SIMLOG:: Cycle         525 PC: 000006ee I: 00005607 R: 1   0 00000007 M: 0 0 00000007 00000000
SIMLOG:: Cycle         526 PC: 000006f0 I: 0000b5c7 R: 1   6 00000000 M: 0 0 00000000 00000007
SIMLOG:: Cycle         527 PC: 000006f2 I: 00002006 R: 0   0 00000000 M: 0 0 0000000e 00000007
SIMLOG:: Cycle         528 PC: 000006fa I: 00002014 R: 0   0 00000000 M: 0 0 0000000e 00000007
SIMLOG:: Cycle         529 PC: 00000710 I: 0000c300 R: 1   3 00000000 M: 0 0 00000000 00000007
SIMLOG:: Cycle         530 PC: 00000712 I: 0000c100 R: 1   1 00000000 M: 0 0 00000000 00000007
SIMLOG:: Cycle         531 PC: 00000714 I: 00000800 R: 0   0 00000000 M: 0 0 0000000e 00000007
SIMLOG:: Cycle         532 PC: 00000716 I: 00007e0c R: 0   0 00000000 M: 0 0 00000007 00000007
SIMLOG:: Cycle         533 PC: 00000724 I: 0000e124 R: 1   1 00000001 M: 0 0 00000001 00000000
SIMLOG:: Cycle         534 PC: 00000726 I: 0000da8a R: 1   2 00000000 M: 0 0 00000000 00000000
SIMLOG:: Cycle         535 PC: 00000728 I: 0000d664 R: 1   1 00000000 M: 0 0 00000000 00000000
SIMLOG:: Cycle         536 PC: 0000072a I: 0000db74 R: 1   5 00000000 M: 0 0 00000000 00000000
SIMLOG:: Cycle         537 PC: 0000072c I: 0000b649 R: 1   2 00000000 M: 0 0 00000000 00000007
SIMLOG:: Cycle         538 PC: 0000072e I: 0000dfe8 R: 1   2 00000000 M: 0 0 00000000 00000000
SIMLOG:: Cycle         539 PC: 00000730 I: 00002010 R: 0   0 00000000 M: 0 0 0000000e 00000007
SIMLOG:: Cycle         540 PC: 00000742 I: 00002012 R: 0   0 00000000 M: 0 0 0000000e 00000007
SIMLOG:: Cycle         541 PC: 00000756 I: 0000200a R: 0   0 00000000 M: 0 0 0000000e 00000007
SIMLOG:: Cycle         542 PC: 00000762 I: 00002012 R: 0   0 00000000 M: 0 0 0000000e 00000007
SIMLOG:: Cycle         543 PC: 00000776 I: 00002000 R: 0   0 00000000 M: 0 0 0000000e 00000007
SIMLOG:: Cycle         544 PC: 00000778 I: 00002010 R: 0   0 00000000 M: 0 0 0000000e 00000007
SIMLOG:: Cycle         545 PC: 0000078a I: 0000c400 R: 1   4 00000000 M: 0 0 00000000 00000007
SIMLOG:: Cycle         546 PC: 0000078c I: 0000c700 R: 1   7 00000000 M: 0 0 00000000 00000007
SIMLOG:: Cycle         547 PC: 0000078e I: 00007a1c R: 0   0 00000000 M: 0 0 00000007 00000007
SIMLOG:: Cycle         548 PC: 000007ac I: 00005607 R: 1   0 00000007 M: 0 0 00000007 00000007
SIMLOG:: Cycle         549 PC: 000007ae I: 0000dfdc R: 1   7 00000000 M: 0 0 00000000 00000000
SIMLOG:: Cycle         550 PC: 000007b0 I: 00000800 R: 0   0 00000000 M: 0 0 0000000e 00000007
SIMLOG:: Cycle         551 PC: 000007b2 I: 0000c80c R: 1   3 0000e000 M: 0 0 0000e000 00000007
SIMLOG:: Cycle         552 PC: 000007b4 I: 0000da0b R: 1   2 00000000 M: 0 0 00000000 00000007
SIMLOG:: Cycle         553 PC: 000007b6 I: 00005808 R: 1   0 00000007 M: 0 0 00000007 00000007
SIMLOG:: Cycle         554 PC: 000007b8 I: 0000c103 R: 1   1 00000003 M: 0 0 00000003 00000007
SIMLOG:: Cycle         555 PC: 000007ba I: 00005787 R: 1   4 00000007 M: 0 0 00000007 00000007
SIMLOG:: Cycle         556 PC: 000007bc I: 00005921 R: 1   1 00000002 M: 0 0 00000002 00000007
SIMLOG:: Cycle         557 PC: 000007be I: 000099ac R: 1   1 0000000e M: 0 1 0000000e 00000000
SIMLOG:: Cycle         558 PC: 000007c0 I: 0000bd42 R: 1   2 00000000 M: 0 0 00000000 00000007
SIMLOG:: Cycle         559 PC: 000007c2 I: 0000e24c R: 1   3 00000001 M: 0 0 00000001 00000000
SIMLOG:: Cycle         560 PC: 000007c4 I: 0000510a R: 1   0 00000004 M: 0 0 00000004 00000007
SIMLOG:: Cycle         561 PC: 000007c6 I: 0000f8b0 R: 1   4 00000000 M: 0 0 00000000 00000000
SIMLOG:: Cycle         562 PC: 000007c8 I: 0000c70e R: 1   7 0000000e M: 0 0 0000000e 00000004
SIMLOG:: Cycle         563 PC: 000007ca I: 0000bdcf R: 1   6 00000000 M: 0 0 00000000 00000004
SIMLOG:: Cycle         564 PC: 000007cc I: 0000d4a7 R: 1   1 00000000 M: 0 0 00000000 00000000
SIMLOG:: Cycle         565 PC: 000007ce I: 0000dff1 R: 1   4 00000000 M: 0 0 00000000 0000000e
SIMLOG:: Cycle         566 PC: 000007d0 I: 0000a9a5 R: 1   5 00000000 M: 0 0 00000000 00000004
SIMLOG:: Cycle         567 PC: 000007d2 I: 0000aca4 R: 1   5 00000000 M: 0 0 00000000 00000004
SIMLOG:: Cycle         568 PC: 000007d4 I: 0000c400 R: 1   4 00000000 M: 0 0 00000000 00000004
SIMLOG:: Cycle         569 PC: 000007d6 I: 0000c300 R: 1   3 00000000 M: 0 0 00000000 00000004
SIMLOG:: Cycle         570 PC: 000007d8 I: 00000800 R: 0   0 00000000 M: 0 0 00000008 00000004
SIMLOG:: Cycle         571 PC: 000007da I: 00007804 R: 0   0 00000000 M: 0 0 00000008 00000004
SIMLOG:: Cycle         572 PC: 000007e0 I: 0000d0de R: 1   7 00000004 M: 0 0 00000004 00000000
SIMLOG:: Cycle         573 PC: 000007e2 I: 0000db42 R: 1   0 00000000 M: 0 0 00000000 00000000
SIMLOG:: Cycle         574 PC: 000007e4 I: 0000c100 R: 1   1 00000000 M: 0 0 00000000 00000000
SIMLOG:: Cycle         575 PC: 000007e6 I: 0000c500 R: 1   5 00000000 M: 0 0 00000000 00000000
SIMLOG:: Cycle         576 PC: 000007e8 I: 00000800 R: 0   0 00000000 M: 0 0 00000000 00000000
SIMLOG:: Cycle         577 PC: 000007ea I: 0000630c R: 0   0 00000000 M: 0 0 00000000 00000000
SIMLOG:: Cycle         578 PC: 000007f8 I: 00005ec1 R: 1   6 00000000 M: 0 0 00000000 00000000
SIMLOG:: Cycle         579 PC: 000007fa I: 000086ea R: 0   7 00000000 M: 0 1 0000000a 00000004
SIMLOG:: Cycle         580 PC: 000007fc I: 00005801 R: 1   0 00000000 M: 0 0 00000000 00000000
SIMLOG:: Cycle         581 PC: 000007fe I: 000098ae R: 1   0 0000000e M: 0 1 0000000e 00000000
SIMLOG:: Cycle         582 PC: 00000800 I: 0000f06c R: 1   3 00000000 M: 0 0 00000000 00000000
SIMLOG:: Cycle         583 PC: 00000802 I: 0000d298 R: 1   6 00000000 M: 0 0 00000000 00000000
SIMLOG:: Cycle         584 PC: 00000804 I: 0000d651 R: 1   4 00000000 M: 0 0 00000000 00000000
SIMLOG:: Cycle         585 PC: 00000806 I: 0000a92f R: 1   1 00000000 M: 0 0 00000000 0000000e
SIMLOG:: Cycle         586 PC: 00000808 I: 0000200e R: 0   0 00000000 M: 0 0 0000001c 0000000e
SIMLOG:: Cycle         587 PC: 00000818 I: 0000200c R: 0   0 00000000 M: 0 0 0000001c 0000000e
SIMLOG:: Cycle         588 PC: 00000826 I: 00002020 R: 0   0 00000000 M: 0 0 0000001c 0000000e
SIMLOG:: Cycle         589 PC: 00000848 I: 00002016 R: 0   0 00000000 M: 0 0 0000001c 0000000e
SIMLOG:: Cycle         590 PC: 00000860 I: 0000c500 R: 1   5 00000000 M: 0 0 00000000 0000000e
SIMLOG:: Cycle         591 PC: 00000862 I: 0000c600 R: 1   6 00000000 M: 0 0 00000000 0000000e
SIMLOG:: Cycle         592 PC: 00000864 I: 00000800 R: 0   0 00000000 M: 0 0 0000001c 0000000e
SIMLOG:: Cycle         593 PC: 00000866 I: 00007810 R: 0   0 00000000 M: 0 0 0000001c 0000000e
SIMLOG:: Cycle         594 PC: 00000878 I: 00005b61 R: 1   3 00000000 M: 0 0 00000000 0000000e
SIMLOG:: Cycle         595 PC: 0000087a I: 00008368 R: 0   3 00000000 M: 0 1 00000008 00000000
SIMLOG:: Cycle         596 PC: 0000087c I: 0000d9ef R: 1   3 00000000 M: 0 0 00000000 00000004
SIMLOG:: Cycle         597 PC: 0000087e I: 0000c20b R: 1   2 0000000b M: 0 0 0000000b 0000000e
SIMLOG:: Cycle         598 PC: 00000880 I: 0000bb60 R: 1   3 00000000 M: 0 0 00000000 0000000e
SIMLOG:: Cycle         599 PC: 00000882 I: 0000aa00 R: 1   0 0000000b M: 0 0 0000000b 0000000e
SIMLOG:: Cycle         600 PC: 00000884 I: 0000d2a5 R: 1   1 0000000b M: 0 0 0000000b 00000000
SIMLOG:: Cycle         601 PC: 00000886 I: 0000d644 R: 1   1 00000000 M: 0 0 00000000 0000000b
SIMLOG:: Cycle         602 PC: 00000888 I: 0000d8eb R: 1   2 0000000b M: 0 0 0000000b 00000004
SIMLOG:: Cycle         603 PC: 0000088a I: 0000d4c3 R: 1   0 00000000 M: 0 0 00000000 00000000
SIMLOG:: Cycle         604 PC: 0000088c I: 0000200e R: 0   0 00000000 M: 0 0 00000000 00000000
SIMLOG:: Cycle         605 PC: 0000089c I: 00002006 R: 0   0 00000000 M: 0 0 00000000 00000000
SIMLOG:: Cycle         606 PC: 000008a4 I: 0000c200 R: 1   2 00000000 M: 0 0 00000000 00000000
SIMLOG:: Cycle         607 PC: 000008a6 I: 0000c200 R: 1   2 00000000 M: 0 0 00000000 00000000
SIMLOG:: Cycle         608 PC: 000008a8 I: 00000800 R: 0   0 00000000 M: 0 0 00000000 00000000
SIMLOG:: Cycle         609 PC: 000008aa I: 00007d0c R: 0   0 00000000 M: 0 0 00000000 00000000
SIMLOG:: Cycle         610 PC: 000008b8 I: 00005ec1 R: 1   6 00000000 M: 0 0 00000000 00000000
SIMLOG:: Cycle         611 PC: 000008ba I: 00008e0a R: 1   0 00000004 M: 1 0 0000000a 00000000
SIMLOG:: Cycle         612 PC: 000008bc I: 0000baa7 R: 1   5 00000000 M: 0 0 00000000 00000004
SIMLOG:: Cycle         613 PC: 000008be I: 000042ad R: 1   5 0000000d M: 0 0 0000000d 00000004
SIMLOG:: Cycle         614 PC: 000008c0 I: 0000f6f4 R: 1   5 00000001 M: 0 0 00000001 00000004
SIMLOG:: Cycle         615 PC: 000008c2 I: 0000960b R: 1   6 0000000b M: 0 0 0000000b 00000004
SIMLOG:: Cycle         616 PC: 000008c4 I: 00004784 R: 1   4 00000008 M: 0 0 00000008 00000004
SIMLOG:: Cycle         617 PC: 000008c6 I: 0000cf04 R: 1   1 00002000 M: 0 0 00002000 00000004
SIMLOG:: Cycle         618 PC: 000008c8 I: 0000d0de R: 1   7 00002000 M: 0 0 00002000 0000000b
SIMLOG:: Cycle         619 PC: 000008ca I: 0000c500 R: 1   5 00000000 M: 0 0 00000000 00000004
SIMLOG:: Cycle         620 PC: 000008cc I: 0000c100 R: 1   1 00000000 M: 0 0 00000000 00000004
SIMLOG:: Cycle         621 PC: 000008ce I: 00006414 R: 0   0 00000000 M: 0 0 0000000c 00000004
SIMLOG:: Cycle         622 PC: 000008d0 I: 0000abaa R: 1   5 00000000 M: 0 0 00000000 00000004
SIMLOG:: Cycle         623 PC: 000008d2 I: 00000800 R: 0   0 00000000 M: 0 0 00000008 00000004
SIMLOG:: Cycle         624 PC: 000008d4 I: 00005a41 R: 1   2 00000000 M: 0 0 00000000 00000004
SIMLOG:: Cycle         625 PC: 000008d6 I: 00008a6e R: 1   3 00000000 M: 1 0 0000000e 00000004
SIMLOG:: Cycle         626 PC: 000008d8 I: 0000dab0 R: 1   4 00000000 M: 0 0 00000000 00000000
SIMLOG:: Cycle         627 PC: 000008da I: 00000800 R: 0   0 00000000 M: 0 0 00000008 00000004
SIMLOG:: Cycle         628 PC: 000008dc I: 00005801 R: 1   0 00000004 M: 0 0 00000004 00000004
SIMLOG:: Cycle         629 PC: 000008de I: 00009846 R: 1   0 0000000a M: 0 1 0000000a 00000000
SIMLOG:: Cycle         630 PC: 000008e0 I: 0000d60a R: 1   2 00002c00 M: 0 0 00002c00 0000000a
SIMLOG:: Cycle         631 PC: 000008e2 I: 0000a085 R: 1   4 00000140 M: 0 0 00000140 0000000a
SIMLOG:: Cycle         632 PC: 000008e4 I: 0000b325 R: 1   1 00000000 M: 0 0 00000000 0000000a
SIMLOG:: Cycle         633 PC: 000008e6 I: 0000c002 R: 1   0 00000002 M: 0 0 00000002 0000000a
SIMLOG:: Cycle         634 PC: 000008e8 I: 0000ea64 R: 1   1 00000000 M: 0 0 00000000 00000000
SIMLOG:: Cycle         635 PC: 000008ea I: 00004a4b R: 1   2 0000d40b M: 0 0 0000d40b 00000002
SIMLOG:: Cycle         636 PC: 000008ec I: 0000b167 R: 1   3 00000000 M: 0 0 00000000 00000002
SIMLOG:: Cycle         637 PC: 000008ee I: 0000d7f7 R: 1   5 00002000 M: 0 0 00002000 00002000
SIMLOG:: Cycle         638 PC: 000008f0 I: 0000d726 R: 1   1 00002000 M: 0 0 00002000 00000000
SIMLOG:: Cycle         639 PC: 000008f2 I: 0000ce18 R: 1   6 0000d000 M: 0 0 0000d000 00000002
SIMLOG:: Cycle         640 PC: 000008f4 I: 0000aa83 R: 1   4 0000a058 M: 0 0 0000a058 00000002
SIMLOG:: Cycle         641 PC: 000008f6 I: 00005841 R: 1   2 00000002 M: 0 0 00000002 00000002
SIMLOG:: Cycle         642 PC: 000008f8 I: 0000414c R: 1   2 0000200c M: 0 0 0000200c 00000002
SIMLOG:: Cycle         643 PC: 000008fa I: 00005200 R: 1   0 0000200c M: 0 0 0000200c 00000002
SIMLOG:: Cycle         644 PC: 000008fc I: 00005504 R: 1   0 00002004 M: 0 0 00002004 0000200c
SIMLOG:: Cycle         645 PC: 000008fe I: 00000800 R: 0   0 00002004 M: 0 0 00004008 00002004
SIMLOG:: Cycle         646 PC: 00000900 I: 00005801 R: 1   0 00002004 M: 0 0 00002004 00002004
SIMLOG:: Cycle         647 PC: 00000902 I: 00008022 R: 0   1 00002004 M: 0 1 00002006 00002000
SIMLOG:: Cycle         648 PC: 00000904 I: 0000c200 R: 1   2 00000000 M: 0 0 00000000 00002004
SIMLOG:: Cycle         649 PC: 00000906 I: 0000c200 R: 1   2 00000000 M: 0 0 00000000 00002004
SIMLOG:: Cycle         650 PC: 00000908 I: 00000800 R: 0   0 00000000 M: 0 0 00004008 00002004
SIMLOG:: Cycle         651 PC: 0000090a I: 0000650c R: 0   0 00000000 M: 0 0 00004004 00002004
SIMLOG:: Cycle         652 PC: 0000090c I: 00005ec1 R: 1   6 0000d000 M: 0 0 0000d000 00002004
SIMLOG:: Cycle         653 PC: 0000090e I: 00008606 R: 0   0 0000d000 M: 0 1 0000d006 00002004
SIMLOG:: Cycle         654 PC: 00000910 I: 00000800 R: 0   0 0000d000 M: 0 0 00004008 00002004
SIMLOG:: Cycle         655 PC: 00000912 I: 0000cf1c R: 1   7 00000004 M: 0 0 00000004 00002004
SIMLOG:: Cycle         656 PC: 00000914 I: 0000d611 R: 1   4 00000d00 M: 0 0 00000d00 00002004
SIMLOG:: Cycle         657 PC: 00000916 I: 0000e478 R: 1   6 00000000 M: 0 0 00000000 00000000
SIMLOG:: Cycle         658 PC: 00000918 I: 0000d889 R: 1   2 0000ecfc M: 0 0 0000ecfc 00000d00
SIMLOG:: Cycle         659 PC: 0000091a I: 00005249 R: 1   2 0000ecf5 M: 0 0 0000ecf5 00002004
SIMLOG:: Cycle         660 PC: 0000091c I: 00004483 R: 1   4 00000d03 M: 0 0 00000d03 00002004
SIMLOG:: Cycle         661 PC: 0000091e I: 0000a261 R: 1   3 0000d9eb M: 0 0 0000d9eb 00002004
SIMLOG:: Cycle         662 PC: 00000920 I: 0000e2c0 R: 1   0 00000000 M: 0 0 00000000 00000000
SIMLOG:: Cycle         663 PC: 00000922 I: 0000d745 R: 1   1 00000000 M: 0 0 00000000 0000ecf5
SIMLOG:: Cycle         664 PC: 00000924 I: 0000d4e7 R: 1   1 000030d0 M: 0 0 000030d0 00000004
SIMLOG:: Cycle         665 PC: 00000926 I: 0000428d R: 1   4 0000ed02 M: 0 0 0000ed02 00000000
SIMLOG:: Cycle         666 PC: 00000928 I: 0000201a R: 0   0 0000ed02 M: 0 0 00000000 00000000
SIMLOG:: Cycle         667 PC: 00000944 I: 0000c100 R: 1   1 00000000 M: 0 0 00000000 00000000
SIMLOG:: Cycle         668 PC: 00000946 I: 0000c000 R: 1   0 00000000 M: 0 0 00000000 00000000
SIMLOG:: Cycle         669 PC: 00000948 I: 00000800 R: 0   0 00000000 M: 0 0 00000000 00000000
SIMLOG:: Cycle         670 PC: 0000094a I: 00007800 R: 0   0 00000000 M: 0 0 00000000 00000000
SIMLOG:: Cycle         671 PC: 0000094c I: 0000c300 R: 1   3 00000000 M: 0 0 00000000 00000000
SIMLOG:: Cycle         672 PC: 0000094e I: 0000c300 R: 1   3 00000000 M: 0 0 00000000 00000000
SIMLOG:: Cycle         673 PC: 00000950 I: 00000800 R: 0   0 00000000 M: 0 0 00000000 00000000
SIMLOG:: Cycle         674 PC: 00000952 I: 00006520 R: 0   0 00000000 M: 0 0 00002000 00000000
SIMLOG:: Cycle         675 PC: 00000954 I: 00004f45 R: 1   2 00000001 M: 0 0 00000001 00000000
SIMLOG:: Cycle         676 PC: 00000956 I: 0000db85 R: 1   1 0000ed02 M: 0 0 0000ed02 0000ed02
SIMLOG:: Cycle         677 PC: 00000958 I: 00000800 R: 0   0 0000ed02 M: 0 0 00000000 00000000
SIMLOG:: Cycle         678 PC: 0000095a I: 0000c918 R: 1   6 000040b7 M: 0 0 000040b7 00000000
SIMLOG:: Cycle         679 PC: 0000095c I: 0000df34 R: 1   5 0000ed06 M: 0 0 0000ed06 0000ed02
SIMLOG:: Cycle         680 PC: 0000095e I: 0000e14c R: 1   3 00000000 M: 0 0 00000000 00000001
SIMLOG:: Cycle         681 PC: 00000960 I: 00004b4d R: 1   2 0000000d M: 0 0 0000000d 00000000
SIMLOG:: Cycle         682 PC: 00000962 I: 00000800 R: 0   0 0000000d M: 0 0 00000000 00000000
SIMLOG:: Cycle         683 PC: 00000964 I: 00005921 R: 1   1 0000ed02 M: 0 0 0000ed02 00000000
SIMLOG:: Cycle         684 PC: 00000966 I: 000089c4 R: 1   6 00000000 M: 1 0 0000ed06 00000000
SIMLOG:: Cycle         685 PC: 00000968 I: 0000456d R: 1   3 0000ed13 M: 0 0 0000ed13 00000000
SIMLOG:: Cycle         686 PC: 0000096a I: 0000d3c1 R: 1   0 0000ed13 M: 0 0 0000ed13 00000000
SIMLOG:: Cycle         687 PC: 0000096c I: 0000f984 R: 1   1 00000001 M: 0 0 00000001 0000ed02
SIMLOG:: Cycle         688 PC: 0000096e I: 0000ad07 R: 1   0 00008300 M: 0 0 00008300 0000ed13
SIMLOG:: Cycle         689 PC: 00000970 I: 00005c81 R: 1   4 0000ed02 M: 0 0 0000ed02 00008300
SIMLOG:: Cycle         690 PC: 00000972 I: 00009c22 R: 1   4 0000ed04 M: 0 1 0000ed04 00000001
SIMLOG:: Cycle         691 PC: 00000974 I: 0000402b R: 1   1 0000830b M: 0 0 0000830b 00008300
SIMLOG:: Cycle         692 PC: 00000976 I: 00000800 R: 0   0 0000830b M: 0 0 00000600 00008300
SIMLOG:: Cycle         693 PC: 00000978 I: 00005fe1 R: 1   7 00000004 M: 0 0 00000004 00008300
SIMLOG:: Cycle         694 PC: 0000097a I: 0000876a R: 0   3 00000004 M: 0 1 0000000e 0000ed13
SIMLOG:: Cycle         695 PC: 0000097c I: 0000d8ba R: 1   6 00006e06 M: 0 0 00006e06 0000ed06
SIMLOG:: Cycle         696 PC: 0000097e I: 0000f5b8 R: 1   6 00000001 M: 0 0 00000001 0000ed06
SIMLOG:: Cycle         697 PC: 00000980 I: 0000da24 R: 1   1 00008318 M: 0 0 00008318 0000830b
SIMLOG:: Cycle         698 PC: 00000982 I: 0000de23 R: 1   0 00000001 M: 0 0 00000001 00008318
SIMLOG:: Cycle         699 PC: 00000984 I: 0000bd21 R: 1   1 00007683 M: 0 0 00007683 00000001
SIMLOG:: Cycle         700 PC: 00000986 I: 0000b305 R: 1   0 00009f68 M: 0 0 00009f68 00000001
SIMLOG:: Cycle         701 PC: 00000988 I: 0000e7cc R: 1   3 00000000 M: 0 0 00000000 00000001
SIMLOG:: Cycle         702 PC: 0000098a I: 0000c00f R: 1   0 0000000f M: 0 0 0000000f 00009f68
SIMLOG:: Cycle         703 PC: 0000098c I: 0000dd43 R: 1   0 0000ed02 M: 0 0 0000ed02 0000000d
SIMLOG:: Cycle         704 PC: 0000098e I: 0000d470 R: 1   4 0000ed04 M: 0 0 0000ed04 00000000
SIMLOG:: Cycle         705 PC: 00000990 I: 0000d5be R: 1   7 000041bb M: 0 0 000041bb 0000ed06
SIMLOG:: Cycle         706 PC: 00000992 I: 0000af2a R: 1   1 0000ec00 M: 0 0 0000ec00 0000ed02
SIMLOG:: Cycle         707 PC: 00000994 I: 00000800 R: 0   0 0000ec00 M: 0 0 0000da04 0000ed02
SIMLOG:: Cycle         708 PC: 00000996 I: 0000cb18 R: 1   6 00000000 M: 0 0 00000000 0000ed02
SIMLOG:: Cycle         709 PC: 00000998 I: 00005940 R: 1   2 0000ec00 M: 0 0 0000ec00 0000ed02
SIMLOG:: Cycle         710 PC: 0000099a I: 0000bd80 R: 1   4 0000ed06 M: 0 0 0000ed06 0000ed02
SIMLOG:: Cycle         711 PC: 0000099c I: 0000c50c R: 1   5 0000000c M: 0 0 0000000c 0000ed02
SIMLOG:: Cycle         712 PC: 0000099e I: 0000d380 R: 1   0 00000000 M: 0 0 00000000 0000ed06
SIMLOG:: Cycle         713 PC: 000009a0 I: 000050a2 R: 1   5 00000002 M: 0 0 00000002 00000000
SIMLOG:: Cycle         714 PC: 000009a2 I: 0000200a R: 0   0 00000002 M: 0 0 00000000 00000000
SIMLOG:: Cycle         715 PC: 000009ae I: 0000c500 R: 1   5 00000000 M: 0 0 00000000 00000000
SIMLOG:: Cycle         716 PC: 000009b0 I: 0000c100 R: 1   1 00000000 M: 0 0 00000000 00000000
SIMLOG:: Cycle         717 PC: 000009b2 I: 00006b00 R: 0   0 00000000 M: 0 0 00000000 00000000
SIMLOG:: Cycle         718 PC: 000009b4 I: 0000c400 R: 1   4 00000000 M: 0 0 00000000 00000000
SIMLOG:: Cycle         719 PC: 000009b6 I: 0000c300 R: 1   3 00000000 M: 0 0 00000000 00000000
SIMLOG:: Cycle         720 PC: 000009b8 I: 00000800 R: 0   0 00000000 M: 0 0 00000000 00000000
SIMLOG:: Cycle         721 PC: 000009ba I: 00007d10 R: 0   0 00000000 M: 0 0 00000000 00000000
SIMLOG:: Cycle         722 PC: 000009cc I: 0000da27 R: 1   1 0000ec00 M: 0 0 0000ec00 00000000
SIMLOG:: Cycle         723 PC: 000009ce I: 0000464b R: 1   2 0000000b M: 0 0 0000000b 00000000
SIMLOG:: Cycle         724 PC: 000009d0 I: 00000800 R: 0   0 0000000b M: 0 0 00000000 00000000
SIMLOG:: Cycle         725 PC: 000009d2 I: 0000cc1c R: 1   7 00000000 M: 0 0 00000000 00000000
SIMLOG:: Cycle         726 PC: 000009d4 I: 00004e42 R: 1   2 00000002 M: 0 0 00000002 00000000
SIMLOG:: Cycle         727 PC: 000009d6 I: 0000dd1c R: 1   7 00000000 M: 0 0 00000000 00000000
SIMLOG:: Cycle         728 PC: 000009d8 I: 0000f1e4 R: 1   1 00000001 M: 0 0 00000001 00000000
SIMLOG:: Cycle         729 PC: 000009da I: 0000d967 R: 1   1 00000001 M: 0 0 00000001 00000000
SIMLOG:: Cycle         730 PC: 000009dc I: 00005b61 R: 1   3 00000000 M: 0 0 00000000 00000000
SIMLOG:: Cycle         731 PC: 000009de I: 00008346 R: 0   2 00000000 M: 0 1 00000006 00000002
SIMLOG:: Cycle         732 PC: 000009e0 I: 00002006 R: 0   0 00000000 M: 0 0 00000000 00000000
SIMLOG:: Cycle         733 PC: 000009e8 I: 00002000 R: 0   0 00000000 M: 0 0 00000000 00000000
SIMLOG:: Cycle         734 PC: 000009ea I: 0000c200 R: 1   2 00000000 M: 0 0 00000000 00000000
SIMLOG:: Cycle         735 PC: 000009ec I: 0000c200 R: 1   2 00000000 M: 0 0 00000000 00000000
SIMLOG:: Cycle         736 PC: 000009ee I: 00007918 R: 0   0 00000000 M: 0 0 00000001 00000000
SIMLOG:: Cycle         737 PC: 00000a08 I: 0000b5a6 R: 1   5 00000000 M: 0 0 00000000 00000000
SIMLOG:: Cycle         738 PC: 00000a0a I: 00004aa5 R: 1   5 00000005 M: 0 0 00000005 00000000
SIMLOG:: Cycle         739 PC: 00000a0c I: 0000d2ad R: 1   3 00000000 M: 0 0 00000000 00000005
SIMLOG:: Cycle         740 PC: 00000a0e I: 00005d46 R: 1   2 00000001 M: 0 0 00000001 00000000
SIMLOG:: Cycle         741 PC: 00000a10 I: 0000532b R: 1   1 0000000b M: 0 0 0000000b 00000000
SIMLOG:: Cycle         742 PC: 00000a12 I: 0000f94c R: 1   3 00000000 M: 0 0 00000000 00000001
SIMLOG:: Cycle         743 PC: 00000a14 I: 0000db59 R: 1   6 00000001 M: 0 0 00000001 00000001
SIMLOG:: Cycle         744 PC: 00000a16 I: 0000d737 R: 1   5 00000000 M: 0 0 00000000 0000000b
SIMLOG:: Cycle         745 PC: 00000a18 I: 00004f87 R: 1   4 00000007 M: 0 0 00000007 00000000
SIMLOG:: Cycle         746 PC: 00000a1a I: 0000dfae R: 1   3 00000000 M: 0 0 00000000 00000000
SIMLOG:: Cycle         747 PC: 00000a1c I: 0000d558 R: 1   6 00000000 M: 0 0 00000000 00000001
SIMLOG:: Cycle         748 PC: 00000a1e I: 0000b90c R: 1   0 00000000 M: 0 0 00000000 00000000
SIMLOG:: Cycle         749 PC: 00000a20 I: 0000d7a6 R: 1   1 00000000 M: 0 0 00000000 00000000
SIMLOG:: Cycle         750 PC: 00000a22 I: 0000550b R: 1   0 0000000b M: 0 0 0000000b 00000000
SIMLOG:: Cycle         751 PC: 00000a24 I: 0000c600 R: 1   6 00000000 M: 0 0 00000000 0000000b
SIMLOG:: Cycle         752 PC: 00000a26 I: 0000c100 R: 1   1 00000000 M: 0 0 00000000 0000000b
SIMLOG:: Cycle         753 PC: 00000a28 I: 00000800 R: 0   0 00000000 M: 0 0 00000016 0000000b
SIMLOG:: Cycle         754 PC: 00000a2a I: 00006508 R: 0   0 00000000 M: 0 0 0000000b 0000000b
SIMLOG:: Cycle         755 PC: 00000a34 I: 00005a41 R: 1   2 00000000 M: 0 0 00000000 0000000b
SIMLOG:: Cycle         756 PC: 00000a36 I: 00009a46 R: 1   2 00000006 M: 0 1 00000006 00000000
SIMLOG:: Cycle         757 PC: 00000a38 I: 0000e9a8 R: 1   2 00000000 M: 0 0 00000000 00000000
SIMLOG:: Cycle         758 PC: 00000a3a I: 0000f360 R: 1   0 00000001 M: 0 0 00000001 00000000
SIMLOG:: Cycle         759 PC: 00000a3c I: 0000ffd0 R: 1   4 00000000 M: 0 0 00000000 00000000
SIMLOG:: Cycle         760 PC: 00000a3e I: 0000200c R: 0   0 00000000 M: 0 0 00000002 00000001
SIMLOG:: Cycle         761 PC: 00000a4c I: 0000c600 R: 1   6 00000000 M: 0 0 00000000 00000001
SIMLOG:: Cycle         762 PC: 00000a4e I: 0000c500 R: 1   5 00000000 M: 0 0 00000000 00000001
SIMLOG:: Cycle         763 PC: 00000a50 I: 00000800 R: 0   0 00000000 M: 0 0 00000002 00000001
SIMLOG:: Cycle         764 PC: 00000a52 I: 00006e1c R: 0   0 00000000 M: 0 0 00000001 00000001
SIMLOG:: Cycle         765 PC: 00000a54 I: 0000d337 R: 1   5 00000000 M: 0 0 00000000 00000000
SIMLOG:: Cycle         766 PC: 00000a56 I: 0000faac R: 1   3 00000000 M: 0 0 00000000 00000000
SIMLOG:: Cycle         767 PC: 00000a58 I: 0000d27d R: 1   7 00000000 M: 0 0 00000000 00000000
SIMLOG:: Cycle         768 PC: 00000a5a I: 0000bd08 R: 1   0 00000000 M: 0 0 00000000 00000001
SIMLOG:: Cycle         769 PC: 00000a5c I: 0000d448 R: 1   2 00000000 M: 0 0 00000000 00000000
SIMLOG:: Cycle         770 PC: 00000a5e I: 0000d475 R: 1   5 00000000 M: 0 0 00000000 00000000
SIMLOG:: Cycle         771 PC: 00000a60 I: 00005ec1 R: 1   6 00000000 M: 0 0 00000000 00000000
SIMLOG:: Cycle         772 PC: 00000a62 I: 00008e04 R: 1   0 0000c101 M: 1 0 00000004 00000000
SIMLOG:: Cycle         773 PC: 00000a64 I: 00005e4c R: 1   2 00000000 M: 0 0 00000000 0000c101
SIMLOG:: Cycle         774 PC: 00000a66 I: 00000800 R: 0   0 00000000 M: 0 0 00008202 0000c101
SIMLOG:: Cycle         775 PC: 00000a68 I: 00005b61 R: 1   3 00000000 M: 0 0 00000000 0000c101
SIMLOG:: Cycle         776 PC: 00000a6a I: 00009bc0 R: 1   3 00000000 M: 0 1 00000000 00000000
SIMLOG:: Cycle         777 PC: 00000a6c I: 0000bbed R: 1   7 00000000 M: 0 0 00000000 0000c101
SIMLOG:: Cycle         778 PC: 00000a6e I: 0000e8cc R: 1   3 00000001 M: 0 0 00000001 00000000
SIMLOG:: Cycle         779 PC: 00000a70 I: 0000f654 R: 1   5 00000001 M: 0 0 00000001 00000000
SIMLOG:: Cycle         780 PC: 00000a72 I: 00009606 R: 1   6 00000006 M: 0 0 00000006 0000c101
SIMLOG:: Cycle         781 PC: 00000a74 I: 0000920c R: 1   2 0000000c M: 0 0 0000000c 0000c101
SIMLOG:: Cycle         782 PC: 00000a76 I: 0000d454 R: 1   5 00000000 M: 0 0 00000000 0000000c
SIMLOG:: Cycle         783 PC: 00000a78 I: 00005b61 R: 1   3 00000000 M: 0 0 00000000 0000c101
SIMLOG:: Cycle         784 PC: 00000a7a I: 00009b24 R: 1   3 00000004 M: 0 1 00000004 00000000
SIMLOG:: Cycle         785 PC: 00000a7c I: 0000da90 R: 1   4 0000000c M: 0 0 0000000c 00000000
SIMLOG:: Cycle         786 PC: 00000a7e I: 0000d038 R: 1   6 0000c101 M: 0 0 0000c101 00000000
SIMLOG:: Cycle         787 PC: 00000a80 I: 0000d8ba R: 1   6 0000c101 M: 0 0 0000c101 00000000
SIMLOG:: Cycle         788 PC: 00000a82 I: 00000800 R: 0   0 0000c101 M: 0 0 00008202 0000c101
SIMLOG:: Cycle         789 PC: 00000a84 I: 00005ec1 R: 1   6 0000c100 M: 0 0 0000c100 0000c101
SIMLOG:: Cycle         790 PC: 00000a86 I: 00008e02 R: 1   0 00000000 M: 1 0 0000c102 0000c101
SIMLOG:: Cycle         791 PC: 00000a88 I: 0000d463 R: 1   0 0000c000 M: 0 0 0000c000 00000004
SIMLOG:: Cycle         792 PC: 00000a8a I: 0000f588 R: 1   2 00000001 M: 0 0 00000001 0000000c
SIMLOG:: Cycle         793 PC: 00000a8c I: 0000d08b R: 1   2 0000000c M: 0 0 0000000c 0000000c
SIMLOG:: Cycle         794 PC: 00000a8e I: 0000f1c4 R: 1   1 00000000 M: 0 0 00000000 0000c100
SIMLOG:: Cycle         795 PC: 00000a90 I: 00005bc6 R: 1   6 00000000 M: 0 0 00000000 0000c000
SIMLOG:: Cycle         796 PC: 00000a92 I: 00004549 R: 1   2 00000009 M: 0 0 00000009 0000c000
SIMLOG:: Cycle         797 PC: 00000a94 I: 0000f640 R: 1   0 00000001 M: 0 0 00000001 00000009
SIMLOG:: Cycle         798 PC: 00000a96 I: 0000d2de R: 1   7 00000009 M: 0 0 00000009 00000000
SIMLOG:: Cycle         799 PC: 00000a98 I: 0000c000 R: 1   0 00000000 M: 0 0 00000000 00000001
SIMLOG:: Cycle         800 PC: 00000a9a I: 0000c300 R: 1   3 00000000 M: 0 0 00000000 00000000
SIMLOG:: Cycle         801 PC: 00000a9c I: 00000800 R: 0   0 00000000 M: 0 0 00000000 00000000
SIMLOG:: Cycle         802 PC: 00000a9e I: 0000740c R: 0   0 00000000 M: 0 0 0000000c 00000000
SIMLOG:: Cycle         803 PC: 00000aa0 I: 0000da35 R: 1   5 0000fff7 M: 0 0 0000fff7 00000000
SIMLOG:: Cycle         804 PC: 00000aa2 I: 00005188 R: 1   4 00000008 M: 0 0 00000008 00000000
SIMLOG:: Cycle         805 PC: 00000aa4 I: 0000a5e7 R: 1   7 0000fbff M: 0 0 0000fbff 00000000
SIMLOG:: Cycle         806 PC: 00000aa6 I: 0000d903 R: 1   0 00000000 M: 0 0 00000000 00000000
SIMLOG:: Cycle         807 PC: 00000aa8 I: 0000e474 R: 1   5 00000000 M: 0 0 00000000 00000000
SIMLOG:: Cycle         808 PC: 00000aaa I: 0000a409 R: 1   0 00001000 M: 0 0 00001000 00000000
SIMLOG:: Cycle         809 PC: 00000aac I: 0000d99d R: 1   7 00000008 M: 0 0 00000008 00000008
SIMLOG:: Cycle         810 PC: 00000aae I: 0000dbad R: 1   3 00000000 M: 0 0 00000000 00000000
SIMLOG:: Cycle         811 PC: 00000ab0 I: 0000d7e1 R: 1   0 00000000 M: 0 0 00000000 00000008
SIMLOG:: Cycle         812 PC: 00000ab2 I: 0000abcb R: 1   6 00000000 M: 0 0 00000000 00000000
SIMLOG:: Cycle         813 PC: 00000ab4 I: 0000d2fe R: 1   7 00000900 M: 0 0 00000900 00000008
SIMLOG:: Cycle         814 PC: 00000ab6 I: 00005aa6 R: 1   5 00000009 M: 0 0 00000009 00000000
SIMLOG:: Cycle         815 PC: 00000ab8 I: 00002008 R: 0   0 00000009 M: 0 0 00000000 00000000
SIMLOG:: Cycle         816 PC: 00000ac2 I: 00000000 R: 0   0 00000009 M: 0 0 00000000 00000000
SIMLOG:: Processor halted

SIMLOG:: sim_cycles         816

SIMLOG:: inst_count         813

