/u/s/i/sinclair/courses/cs552/spring2023/handouts/testprograms/public/rand_final/ldld_rand_large.asm SUCCESS CPI:3.9 CYCLES:4027 ICOUNT:1035 IHITRATE: 0 DHITRATE: 0
/u/s/i/sinclair/courses/cs552/spring2023/handouts/testprograms/public/rand_final/ldld_rand_small.asm SUCCESS CPI:3.9 CYCLES:4027 ICOUNT:1035 IHITRATE: 0 DHITRATE: 0
/u/s/i/sinclair/courses/cs552/spring2023/handouts/testprograms/public/rand_final/ldst_rand_large.asm FAILED
/u/s/i/sinclair/courses/cs552/spring2023/handouts/testprograms/public/rand_final/ldst_rand_small.asm FAILED
/u/s/i/sinclair/courses/cs552/spring2023/handouts/testprograms/public/rand_final/t_100_all.asm SUCCESS CPI:5.2 CYCLES:1750 ICOUNT:334 IHITRATE: 0 DHITRATE: 0
/u/s/i/sinclair/courses/cs552/spring2023/handouts/testprograms/public/rand_final/t_100_ctrl.asm SUCCESS CPI:5.1 CYCLES:3328 ICOUNT:647 IHITRATE: 0 DHITRATE: 0
/u/s/i/sinclair/courses/cs552/spring2023/handouts/testprograms/public/rand_final/t_100_icache.asm SUCCESS CPI:52.4 CYCLES:1049 ICOUNT:20 IHITRATE: 0 DHITRATE: 0
/u/s/i/sinclair/courses/cs552/spring2023/handouts/testprograms/public/rand_final/t_100_idcache.asm SUCCESS CPI:9.2 CYCLES:3695 ICOUNT:401 IHITRATE: 0 DHITRATE: 0
/u/s/i/sinclair/courses/cs552/spring2023/handouts/testprograms/public/rand_final/t_100_mem.asm SUCCESS CPI:5.6 CYCLES:7937 ICOUNT:1427 IHITRATE: 0 DHITRATE: 0
/u/s/i/sinclair/courses/cs552/spring2023/handouts/testprograms/public/rand_final/t_101_all.asm SUCCESS CPI:5.1 CYCLES:2272 ICOUNT:449 IHITRATE: 0 DHITRATE: 0
/u/s/i/sinclair/courses/cs552/spring2023/handouts/testprograms/public/rand_final/t_101_ctrl.asm SUCCESS CPI:4.9 CYCLES:4180 ICOUNT:850 IHITRATE: 0 DHITRATE: 0
/u/s/i/sinclair/courses/cs552/spring2023/handouts/testprograms/public/rand_final/t_101_icache.asm SUCCESS CPI:28.4 CYCLES:1191 ICOUNT:42 IHITRATE: 0 DHITRATE: 0
/u/s/i/sinclair/courses/cs552/spring2023/handouts/testprograms/public/rand_final/t_101_idcache.asm SUCCESS CPI:8.9 CYCLES:3661 ICOUNT:413 IHITRATE: 0 DHITRATE: 0
/u/s/i/sinclair/courses/cs552/spring2023/handouts/testprograms/public/rand_final/t_101_mem.asm SUCCESS CPI:5.6 CYCLES:7959 ICOUNT:1422 IHITRATE: 0 DHITRATE: 0
/u/s/i/sinclair/courses/cs552/spring2023/handouts/testprograms/public/rand_final/t_102_all.asm SUCCESS CPI:5.1 CYCLES:1877 ICOUNT:365 IHITRATE: 0 DHITRATE: 0
/u/s/i/sinclair/courses/cs552/spring2023/handouts/testprograms/public/rand_final/t_102_ctrl.asm SUCCESS CPI:4.9 CYCLES:4201 ICOUNT:856 IHITRATE: 0 DHITRATE: 0
/u/s/i/sinclair/courses/cs552/spring2023/handouts/testprograms/public/rand_final/t_102_icache.asm SUCCESS CPI:22.2 CYCLES:1333 ICOUNT:60 IHITRATE: 0 DHITRATE: 0
/u/s/i/sinclair/courses/cs552/spring2023/handouts/testprograms/public/rand_final/t_102_idcache.asm SUCCESS CPI:9.9 CYCLES:3315 ICOUNT:335 IHITRATE: 0 DHITRATE: 0
/u/s/i/sinclair/courses/cs552/spring2023/handouts/testprograms/public/rand_final/t_102_mem.asm SUCCESS CPI:5.3 CYCLES:8174 ICOUNT:1529 IHITRATE: 0 DHITRATE: 0
/u/s/i/sinclair/courses/cs552/spring2023/handouts/testprograms/public/rand_final/t_103_all.asm SUCCESS CPI:4.8 CYCLES:2164 ICOUNT:453 IHITRATE: 0 DHITRATE: 0
/u/s/i/sinclair/courses/cs552/spring2023/handouts/testprograms/public/rand_final/t_103_ctrl.asm SUCCESS CPI:5.0 CYCLES:4101 ICOUNT:815 IHITRATE: 0 DHITRATE: 0
/u/s/i/sinclair/courses/cs552/spring2023/handouts/testprograms/public/rand_final/t_103_icache.asm SUCCESS CPI:11.9 CYCLES:1480 ICOUNT:124 IHITRATE: 0 DHITRATE: 0
/u/s/i/sinclair/courses/cs552/spring2023/handouts/testprograms/public/rand_final/t_103_idcache.asm SUCCESS CPI:9.1 CYCLES:3421 ICOUNT:374 IHITRATE: 0 DHITRATE: 0
/u/s/i/sinclair/courses/cs552/spring2023/handouts/testprograms/public/rand_final/t_103_mem.asm SUCCESS CPI:5.4 CYCLES:7977 ICOUNT:1468 IHITRATE: 0 DHITRATE: 0
/u/s/i/sinclair/courses/cs552/spring2023/handouts/testprograms/public/rand_final/t_104_all.asm SUCCESS CPI:4.8 CYCLES:2200 ICOUNT:456 IHITRATE: 0 DHITRATE: 0
/u/s/i/sinclair/courses/cs552/spring2023/handouts/testprograms/public/rand_final/t_104_ctrl.asm SUCCESS CPI:5.0 CYCLES:3821 ICOUNT:766 IHITRATE: 0 DHITRATE: 0
/u/s/i/sinclair/courses/cs552/spring2023/handouts/testprograms/public/rand_final/t_104_icache.asm SUCCESS CPI:21.7 CYCLES:1020 ICOUNT:47 IHITRATE: 0 DHITRATE: 0
/u/s/i/sinclair/courses/cs552/spring2023/handouts/testprograms/public/rand_final/t_104_idcache.asm SUCCESS CPI:10.4 CYCLES:3219 ICOUNT:311 IHITRATE: 0 DHITRATE: 0
/u/s/i/sinclair/courses/cs552/spring2023/handouts/testprograms/public/rand_final/t_104_mem.asm SUCCESS CPI:5.3 CYCLES:8287 ICOUNT:1550 IHITRATE: 0 DHITRATE: 0
/u/s/i/sinclair/courses/cs552/spring2023/handouts/testprograms/public/rand_final/t_105_all.asm SUCCESS CPI:4.9 CYCLES:2233 ICOUNT:453 IHITRATE: 0 DHITRATE: 0
/u/s/i/sinclair/courses/cs552/spring2023/handouts/testprograms/public/rand_final/t_105_ctrl.asm SUCCESS CPI:5.0 CYCLES:3998 ICOUNT:798 IHITRATE: 0 DHITRATE: 0
/u/s/i/sinclair/courses/cs552/spring2023/handouts/testprograms/public/rand_final/t_105_icache.asm SUCCESS CPI:15.3 CYCLES:1151 ICOUNT:75 IHITRATE: 0 DHITRATE: 0
/u/s/i/sinclair/courses/cs552/spring2023/handouts/testprograms/public/rand_final/t_105_idcache.asm SUCCESS CPI:9.9 CYCLES:3303 ICOUNT:335 IHITRATE: 0 DHITRATE: 0
/u/s/i/sinclair/courses/cs552/spring2023/handouts/testprograms/public/rand_final/t_105_mem.asm SUCCESS CPI:5.5 CYCLES:7914 ICOUNT:1440 IHITRATE: 0 DHITRATE: 0
/u/s/i/sinclair/courses/cs552/spring2023/handouts/testprograms/public/rand_final/t_106_all.asm SUCCESS CPI:5.0 CYCLES:2373 ICOUNT:472 IHITRATE: 0 DHITRATE: 0
/u/s/i/sinclair/courses/cs552/spring2023/handouts/testprograms/public/rand_final/t_106_ctrl.asm SUCCESS CPI:4.9 CYCLES:4003 ICOUNT:812 IHITRATE: 0 DHITRATE: 0
/u/s/i/sinclair/courses/cs552/spring2023/handouts/testprograms/public/rand_final/t_106_icache.asm SUCCESS CPI:32.3 CYCLES:1228 ICOUNT:38 IHITRATE: 0 DHITRATE: 0
/u/s/i/sinclair/courses/cs552/spring2023/handouts/testprograms/public/rand_final/t_106_idcache.asm SUCCESS CPI:10.3 CYCLES:3353 ICOUNT:326 IHITRATE: 0 DHITRATE: 0
/u/s/i/sinclair/courses/cs552/spring2023/handouts/testprograms/public/rand_final/t_106_mem.asm SUCCESS CPI:5.6 CYCLES:7929 ICOUNT:1427 IHITRATE: 0 DHITRATE: 0
/u/s/i/sinclair/courses/cs552/spring2023/handouts/testprograms/public/rand_final/t_107_all.asm SUCCESS CPI:4.9 CYCLES:2090 ICOUNT:428 IHITRATE: 0 DHITRATE: 0
/u/s/i/sinclair/courses/cs552/spring2023/handouts/testprograms/public/rand_final/t_107_ctrl.asm SUCCESS CPI:5.0 CYCLES:3929 ICOUNT:792 IHITRATE: 0 DHITRATE: 0
/u/s/i/sinclair/courses/cs552/spring2023/handouts/testprograms/public/rand_final/t_107_icache.asm SUCCESS CPI:21.9 CYCLES:1141 ICOUNT:52 IHITRATE: 0 DHITRATE: 0
/u/s/i/sinclair/courses/cs552/spring2023/handouts/testprograms/public/rand_final/t_107_idcache.asm SUCCESS CPI:10.6 CYCLES:3443 ICOUNT:326 IHITRATE: 0 DHITRATE: 0
/u/s/i/sinclair/courses/cs552/spring2023/handouts/testprograms/public/rand_final/t_107_mem.asm SUCCESS CPI:5.5 CYCLES:7843 ICOUNT:1417 IHITRATE: 0 DHITRATE: 0
/u/s/i/sinclair/courses/cs552/spring2023/handouts/testprograms/public/rand_final/t_108_all.asm SUCCESS CPI:4.7 CYCLES:2180 ICOUNT:464 IHITRATE: 0 DHITRATE: 0
/u/s/i/sinclair/courses/cs552/spring2023/handouts/testprograms/public/rand_final/t_108_ctrl.asm SUCCESS CPI:4.9 CYCLES:4064 ICOUNT:836 IHITRATE: 0 DHITRATE: 0
/u/s/i/sinclair/courses/cs552/spring2023/handouts/testprograms/public/rand_final/t_108_icache.asm SUCCESS CPI:32.9 CYCLES:921 ICOUNT:28 IHITRATE: 0 DHITRATE: 0
/u/s/i/sinclair/courses/cs552/spring2023/handouts/testprograms/public/rand_final/t_108_idcache.asm SUCCESS CPI:10.2 CYCLES:3465 ICOUNT:341 IHITRATE: 0 DHITRATE: 0
/u/s/i/sinclair/courses/cs552/spring2023/handouts/testprograms/public/rand_final/t_108_mem.asm SUCCESS CPI:5.3 CYCLES:8284 ICOUNT:1562 IHITRATE: 0 DHITRATE: 0
/u/s/i/sinclair/courses/cs552/spring2023/handouts/testprograms/public/rand_final/t_109_all.asm SUCCESS CPI:5.1 CYCLES:1741 ICOUNT:339 IHITRATE: 0 DHITRATE: 0
/u/s/i/sinclair/courses/cs552/spring2023/handouts/testprograms/public/rand_final/t_109_ctrl.asm SUCCESS CPI:4.9 CYCLES:4135 ICOUNT:840 IHITRATE: 0 DHITRATE: 0
/u/s/i/sinclair/courses/cs552/spring2023/handouts/testprograms/public/rand_final/t_109_icache.asm SUCCESS CPI:23.6 CYCLES:1155 ICOUNT:49 IHITRATE: 0 DHITRATE: 0
/u/s/i/sinclair/courses/cs552/spring2023/handouts/testprograms/public/rand_final/t_109_idcache.asm SUCCESS CPI:9.9 CYCLES:3445 ICOUNT:347 IHITRATE: 0 DHITRATE: 0
/u/s/i/sinclair/courses/cs552/spring2023/handouts/testprograms/public/rand_final/t_109_mem.asm SUCCESS CPI:5.6 CYCLES:7771 ICOUNT:1385 IHITRATE: 0 DHITRATE: 0
/u/s/i/sinclair/courses/cs552/spring2023/handouts/testprograms/public/rand_final/t_10_mem.asm SUCCESS CPI:5.3 CYCLES:8411 ICOUNT:1576 IHITRATE: 0 DHITRATE: 0
/u/s/i/sinclair/courses/cs552/spring2023/handouts/testprograms/public/rand_final/t_110_all.asm SUCCESS CPI:4.8 CYCLES:2186 ICOUNT:457 IHITRATE: 0 DHITRATE: 0
/u/s/i/sinclair/courses/cs552/spring2023/handouts/testprograms/public/rand_final/t_110_ctrl.asm SUCCESS CPI:4.8 CYCLES:4357 ICOUNT:915 IHITRATE: 0 DHITRATE: 0
/u/s/i/sinclair/courses/cs552/spring2023/handouts/testprograms/public/rand_final/t_110_icache.asm SUCCESS CPI:45.7 CYCLES:1281 ICOUNT:28 IHITRATE: 0 DHITRATE: 0
/u/s/i/sinclair/courses/cs552/spring2023/handouts/testprograms/public/rand_final/t_110_idcache.asm SUCCESS CPI:9.6 CYCLES:3707 ICOUNT:386 IHITRATE: 0 DHITRATE: 0
/u/s/i/sinclair/courses/cs552/spring2023/handouts/testprograms/public/rand_final/t_110_mem.asm SUCCESS CPI:5.4 CYCLES:8062 ICOUNT:1502 IHITRATE: 0 DHITRATE: 0
/u/s/i/sinclair/courses/cs552/spring2023/handouts/testprograms/public/rand_final/t_111_all.asm SUCCESS CPI:5.2 CYCLES:2070 ICOUNT:396 IHITRATE: 0 DHITRATE: 0
/u/s/i/sinclair/courses/cs552/spring2023/handouts/testprograms/public/rand_final/t_111_ctrl.asm SUCCESS CPI:4.9 CYCLES:4432 ICOUNT:912 IHITRATE: 0 DHITRATE: 0
/u/s/i/sinclair/courses/cs552/spring2023/handouts/testprograms/public/rand_final/t_111_icache.asm SUCCESS CPI:29.1 CYCLES:1163 ICOUNT:40 IHITRATE: 0 DHITRATE: 0
/u/s/i/sinclair/courses/cs552/spring2023/handouts/testprograms/public/rand_final/t_111_idcache.asm SUCCESS CPI:9.8 CYCLES:3833 ICOUNT:392 IHITRATE: 0 DHITRATE: 0
/u/s/i/sinclair/courses/cs552/spring2023/handouts/testprograms/public/rand_final/t_111_mem.asm SUCCESS CPI:5.6 CYCLES:7823 ICOUNT:1405 IHITRATE: 0 DHITRATE: 0
/u/s/i/sinclair/courses/cs552/spring2023/handouts/testprograms/public/rand_final/t_112_all.asm SUCCESS CPI:5.1 CYCLES:1921 ICOUNT:375 IHITRATE: 0 DHITRATE: 0
/u/s/i/sinclair/courses/cs552/spring2023/handouts/testprograms/public/rand_final/t_112_ctrl.asm SUCCESS CPI:5.0 CYCLES:3735 ICOUNT:751 IHITRATE: 0 DHITRATE: 0
/u/s/i/sinclair/courses/cs552/spring2023/handouts/testprograms/public/rand_final/t_112_icache.asm SUCCESS CPI:12.5 CYCLES:1242 ICOUNT:99 IHITRATE: 0 DHITRATE: 0
/u/s/i/sinclair/courses/cs552/spring2023/handouts/testprograms/public/rand_final/t_112_idcache.asm SUCCESS CPI:9.4 CYCLES:3837 ICOUNT:407 IHITRATE: 0 DHITRATE: 0
/u/s/i/sinclair/courses/cs552/spring2023/handouts/testprograms/public/rand_final/t_112_mem.asm SUCCESS CPI:5.6 CYCLES:7343 ICOUNT:1310 IHITRATE: 0 DHITRATE: 0
/u/s/i/sinclair/courses/cs552/spring2023/handouts/testprograms/public/rand_final/t_113_all.asm SUCCESS CPI:5.0 CYCLES:1743 ICOUNT:347 IHITRATE: 0 DHITRATE: 0
/u/s/i/sinclair/courses/cs552/spring2023/handouts/testprograms/public/rand_final/t_113_ctrl.asm SUCCESS CPI:5.1 CYCLES:3853 ICOUNT:762 IHITRATE: 0 DHITRATE: 0
/u/s/i/sinclair/courses/cs552/spring2023/handouts/testprograms/public/rand_final/t_113_icache.asm SUCCESS CPI:16.7 CYCLES:1557 ICOUNT:93 IHITRATE: 0 DHITRATE: 0
/u/s/i/sinclair/courses/cs552/spring2023/handouts/testprograms/public/rand_final/t_113_idcache.asm SUCCESS CPI:8.8 CYCLES:3551 ICOUNT:404 IHITRATE: 0 DHITRATE: 0
/u/s/i/sinclair/courses/cs552/spring2023/handouts/testprograms/public/rand_final/t_113_mem.asm SUCCESS CPI:5.4 CYCLES:8068 ICOUNT:1496 IHITRATE: 0 DHITRATE: 0
/u/s/i/sinclair/courses/cs552/spring2023/handouts/testprograms/public/rand_final/t_114_all.asm SUCCESS CPI:4.4 CYCLES:2670 ICOUNT:605 IHITRATE: 0 DHITRATE: 0
/u/s/i/sinclair/courses/cs552/spring2023/handouts/testprograms/public/rand_final/t_114_ctrl.asm SUCCESS CPI:4.8 CYCLES:4230 ICOUNT:887 IHITRATE: 0 DHITRATE: 0
/u/s/i/sinclair/courses/cs552/spring2023/handouts/testprograms/public/rand_final/t_114_icache.asm SUCCESS CPI:27.0 CYCLES:1080 ICOUNT:40 IHITRATE: 0 DHITRATE: 0
/u/s/i/sinclair/courses/cs552/spring2023/handouts/testprograms/public/rand_final/t_114_idcache.asm SUCCESS CPI:9.6 CYCLES:3415 ICOUNT:356 IHITRATE: 0 DHITRATE: 0
/u/s/i/sinclair/courses/cs552/spring2023/handouts/testprograms/public/rand_final/t_114_mem.asm SUCCESS CPI:5.4 CYCLES:7815 ICOUNT:1449 IHITRATE: 0 DHITRATE: 0
/u/s/i/sinclair/courses/cs552/spring2023/handouts/testprograms/public/rand_final/t_115_all.asm SUCCESS CPI:4.8 CYCLES:2201 ICOUNT:455 IHITRATE: 0 DHITRATE: 0
/u/s/i/sinclair/courses/cs552/spring2023/handouts/testprograms/public/rand_final/t_115_ctrl.asm SUCCESS CPI:4.9 CYCLES:4286 ICOUNT:881 IHITRATE: 0 DHITRATE: 0
/u/s/i/sinclair/courses/cs552/spring2023/handouts/testprograms/public/rand_final/t_115_icache.asm SUCCESS CPI:17.5 CYCLES:1069 ICOUNT:61 IHITRATE: 0 DHITRATE: 0
/u/s/i/sinclair/courses/cs552/spring2023/handouts/testprograms/public/rand_final/t_115_idcache.asm SUCCESS CPI:8.7 CYCLES:3741 ICOUNT:428 IHITRATE: 0 DHITRATE: 0
/u/s/i/sinclair/courses/cs552/spring2023/handouts/testprograms/public/rand_final/t_115_mem.asm SUCCESS CPI:5.5 CYCLES:7736 ICOUNT:1414 IHITRATE: 0 DHITRATE: 0
/u/s/i/sinclair/courses/cs552/spring2023/handouts/testprograms/public/rand_final/t_116_all.asm SUCCESS CPI:4.6 CYCLES:2680 ICOUNT:587 IHITRATE: 0 DHITRATE: 0
/u/s/i/sinclair/courses/cs552/spring2023/handouts/testprograms/public/rand_final/t_116_ctrl.asm SUCCESS CPI:4.5 CYCLES:4999 ICOUNT:1102 IHITRATE: 0 DHITRATE: 0
/u/s/i/sinclair/courses/cs552/spring2023/handouts/testprograms/public/rand_final/t_116_icache.asm SUCCESS CPI:15.5 CYCLES:1412 ICOUNT:91 IHITRATE: 0 DHITRATE: 0
/u/s/i/sinclair/courses/cs552/spring2023/handouts/testprograms/public/rand_final/t_116_idcache.asm SUCCESS CPI:10.1 CYCLES:3539 ICOUNT:350 IHITRATE: 0 DHITRATE: 0
/u/s/i/sinclair/courses/cs552/spring2023/handouts/testprograms/public/rand_final/t_116_mem.asm SUCCESS CPI:5.5 CYCLES:8199 ICOUNT:1492 IHITRATE: 0 DHITRATE: 0
/u/s/i/sinclair/courses/cs552/spring2023/handouts/testprograms/public/rand_final/t_117_all.asm SUCCESS CPI:4.9 CYCLES:2345 ICOUNT:475 IHITRATE: 0 DHITRATE: 0
/u/s/i/sinclair/courses/cs552/spring2023/handouts/testprograms/public/rand_final/t_117_ctrl.asm SUCCESS CPI:4.9 CYCLES:4412 ICOUNT:898 IHITRATE: 0 DHITRATE: 0
/u/s/i/sinclair/courses/cs552/spring2023/handouts/testprograms/public/rand_final/t_117_icache.asm SUCCESS CPI:14.2 CYCLES:1253 ICOUNT:88 IHITRATE: 0 DHITRATE: 0
/u/s/i/sinclair/courses/cs552/spring2023/handouts/testprograms/public/rand_final/t_117_idcache.asm SUCCESS CPI:9.2 CYCLES:3815 ICOUNT:416 IHITRATE: 0 DHITRATE: 0
/u/s/i/sinclair/courses/cs552/spring2023/handouts/testprograms/public/rand_final/t_117_mem.asm SUCCESS CPI:5.4 CYCLES:8420 ICOUNT:1572 IHITRATE: 0 DHITRATE: 0
/u/s/i/sinclair/courses/cs552/spring2023/handouts/testprograms/public/rand_final/t_118_all.asm SUCCESS CPI:4.8 CYCLES:2528 ICOUNT:531 IHITRATE: 0 DHITRATE: 0
/u/s/i/sinclair/courses/cs552/spring2023/handouts/testprograms/public/rand_final/t_118_ctrl.asm SUCCESS CPI:4.9 CYCLES:3888 ICOUNT:793 IHITRATE: 0 DHITRATE: 0
/u/s/i/sinclair/courses/cs552/spring2023/handouts/testprograms/public/rand_final/t_118_icache.asm SUCCESS CPI:41.9 CYCLES:1091 ICOUNT:26 IHITRATE: 0 DHITRATE: 0
/u/s/i/sinclair/courses/cs552/spring2023/handouts/testprograms/public/rand_final/t_118_idcache.asm SUCCESS CPI:9.9 CYCLES:3199 ICOUNT:323 IHITRATE: 0 DHITRATE: 0
/u/s/i/sinclair/courses/cs552/spring2023/handouts/testprograms/public/rand_final/t_118_mem.asm SUCCESS CPI:5.6 CYCLES:7615 ICOUNT:1359 IHITRATE: 0 DHITRATE: 0
/u/s/i/sinclair/courses/cs552/spring2023/handouts/testprograms/public/rand_final/t_119_all.asm SUCCESS CPI:4.8 CYCLES:2046 ICOUNT:427 IHITRATE: 0 DHITRATE: 0
/u/s/i/sinclair/courses/cs552/spring2023/handouts/testprograms/public/rand_final/t_119_ctrl.asm SUCCESS CPI:4.9 CYCLES:3755 ICOUNT:760 IHITRATE: 0 DHITRATE: 0
/u/s/i/sinclair/courses/cs552/spring2023/handouts/testprograms/public/rand_final/t_119_icache.asm SUCCESS CPI:30.0 CYCLES:901 ICOUNT:30 IHITRATE: 0 DHITRATE: 0
/u/s/i/sinclair/courses/cs552/spring2023/handouts/testprograms/public/rand_final/t_119_idcache.asm SUCCESS CPI:11.9 CYCLES:1603 ICOUNT:135 IHITRATE: 0 DHITRATE: 0
/u/s/i/sinclair/courses/cs552/spring2023/handouts/testprograms/public/rand_final/t_119_mem.asm SUCCESS CPI:5.4 CYCLES:8399 ICOUNT:1567 IHITRATE: 0 DHITRATE: 0
/u/s/i/sinclair/courses/cs552/spring2023/handouts/testprograms/public/rand_final/t_11_mem.asm SUCCESS CPI:5.4 CYCLES:8543 ICOUNT:1571 IHITRATE: 0 DHITRATE: 0
/u/s/i/sinclair/courses/cs552/spring2023/handouts/testprograms/public/rand_final/t_120_all.asm SUCCESS CPI:5.1 CYCLES:2028 ICOUNT:395 IHITRATE: 0 DHITRATE: 0
/u/s/i/sinclair/courses/cs552/spring2023/handouts/testprograms/public/rand_final/t_120_ctrl.asm SUCCESS CPI:4.7 CYCLES:4261 ICOUNT:903 IHITRATE: 0 DHITRATE: 0
/u/s/i/sinclair/courses/cs552/spring2023/handouts/testprograms/public/rand_final/t_120_icache.asm SUCCESS CPI:36.3 CYCLES:1199 ICOUNT:33 IHITRATE: 0 DHITRATE: 0
/u/s/i/sinclair/courses/cs552/spring2023/handouts/testprograms/public/rand_final/t_120_idcache.asm SUCCESS CPI:9.6 CYCLES:3535 ICOUNT:368 IHITRATE: 0 DHITRATE: 0
/u/s/i/sinclair/courses/cs552/spring2023/handouts/testprograms/public/rand_final/t_120_mem.asm SUCCESS CPI:5.4 CYCLES:8026 ICOUNT:1474 IHITRATE: 0 DHITRATE: 0
/u/s/i/sinclair/courses/cs552/spring2023/handouts/testprograms/public/rand_final/t_121_all.asm SUCCESS CPI:5.3 CYCLES:1742 ICOUNT:327 IHITRATE: 0 DHITRATE: 0
/u/s/i/sinclair/courses/cs552/spring2023/handouts/testprograms/public/rand_final/t_122_all.asm SUCCESS CPI:5.1 CYCLES:1711 ICOUNT:335 IHITRATE: 0 DHITRATE: 0
/u/s/i/sinclair/courses/cs552/spring2023/handouts/testprograms/public/rand_final/t_123_all.asm SUCCESS CPI:4.8 CYCLES:2493 ICOUNT:515 IHITRATE: 0 DHITRATE: 0
/u/s/i/sinclair/courses/cs552/spring2023/handouts/testprograms/public/rand_final/t_124_all.asm SUCCESS CPI:4.7 CYCLES:1747 ICOUNT:371 IHITRATE: 0 DHITRATE: 0
/u/s/i/sinclair/courses/cs552/spring2023/handouts/testprograms/public/rand_final/t_125_all.asm SUCCESS CPI:5.0 CYCLES:2570 ICOUNT:514 IHITRATE: 0 DHITRATE: 0
/u/s/i/sinclair/courses/cs552/spring2023/handouts/testprograms/public/rand_final/t_126_all.asm SUCCESS CPI:4.6 CYCLES:2877 ICOUNT:623 IHITRATE: 0 DHITRATE: 0
/u/s/i/sinclair/courses/cs552/spring2023/handouts/testprograms/public/rand_final/t_127_all.asm SUCCESS CPI:4.7 CYCLES:2246 ICOUNT:473 IHITRATE: 0 DHITRATE: 0
/u/s/i/sinclair/courses/cs552/spring2023/handouts/testprograms/public/rand_final/t_128_all.asm SUCCESS CPI:5.1 CYCLES:2250 ICOUNT:440 IHITRATE: 0 DHITRATE: 0
/u/s/i/sinclair/courses/cs552/spring2023/handouts/testprograms/public/rand_final/t_129_all.asm SUCCESS CPI:4.9 CYCLES:2201 ICOUNT:450 IHITRATE: 0 DHITRATE: 0
/u/s/i/sinclair/courses/cs552/spring2023/handouts/testprograms/public/rand_final/t_12_mem.asm SUCCESS CPI:5.6 CYCLES:7931 ICOUNT:1426 IHITRATE: 0 DHITRATE: 0
/u/s/i/sinclair/courses/cs552/spring2023/handouts/testprograms/public/rand_final/t_130_all.asm SUCCESS CPI:4.6 CYCLES:3045 ICOUNT:667 IHITRATE: 0 DHITRATE: 0
/u/s/i/sinclair/courses/cs552/spring2023/handouts/testprograms/public/rand_final/t_131_all.asm SUCCESS CPI:4.6 CYCLES:2634 ICOUNT:570 IHITRATE: 0 DHITRATE: 0
/u/s/i/sinclair/courses/cs552/spring2023/handouts/testprograms/public/rand_final/t_132_all.asm SUCCESS CPI:4.7 CYCLES:2296 ICOUNT:489 IHITRATE: 0 DHITRATE: 0
/u/s/i/sinclair/courses/cs552/spring2023/handouts/testprograms/public/rand_final/t_133_all.asm SUCCESS CPI:4.7 CYCLES:2153 ICOUNT:462 IHITRATE: 0 DHITRATE: 0
/u/s/i/sinclair/courses/cs552/spring2023/handouts/testprograms/public/rand_final/t_134_all.asm SUCCESS CPI:4.7 CYCLES:2309 ICOUNT:495 IHITRATE: 0 DHITRATE: 0
/u/s/i/sinclair/courses/cs552/spring2023/handouts/testprograms/public/rand_final/t_135_all.asm SUCCESS CPI:4.6 CYCLES:2890 ICOUNT:625 IHITRATE: 0 DHITRATE: 0
/u/s/i/sinclair/courses/cs552/spring2023/handouts/testprograms/public/rand_final/t_136_all.asm SUCCESS CPI:4.9 CYCLES:2135 ICOUNT:433 IHITRATE: 0 DHITRATE: 0
/u/s/i/sinclair/courses/cs552/spring2023/handouts/testprograms/public/rand_final/t_137_all.asm SUCCESS CPI:4.6 CYCLES:2573 ICOUNT:555 IHITRATE: 0 DHITRATE: 0
/u/s/i/sinclair/courses/cs552/spring2023/handouts/testprograms/public/rand_final/t_138_all.asm SUCCESS CPI:4.6 CYCLES:2923 ICOUNT:637 IHITRATE: 0 DHITRATE: 0
/u/s/i/sinclair/courses/cs552/spring2023/handouts/testprograms/public/rand_final/t_139_all.asm SUCCESS CPI:5.3 CYCLES:1997 ICOUNT:379 IHITRATE: 0 DHITRATE: 0
/u/s/i/sinclair/courses/cs552/spring2023/handouts/testprograms/public/rand_final/t_13_mem.asm SUCCESS CPI:5.4 CYCLES:7905 ICOUNT:1455 IHITRATE: 0 DHITRATE: 0
/u/s/i/sinclair/courses/cs552/spring2023/handouts/testprograms/public/rand_final/t_140_all.asm SUCCESS CPI:4.8 CYCLES:1997 ICOUNT:418 IHITRATE: 0 DHITRATE: 0
/u/s/i/sinclair/courses/cs552/spring2023/handouts/testprograms/public/rand_final/t_141_all.asm SUCCESS CPI:4.5 CYCLES:2287 ICOUNT:511 IHITRATE: 0 DHITRATE: 0
/u/s/i/sinclair/courses/cs552/spring2023/handouts/testprograms/public/rand_final/t_142_all.asm SUCCESS CPI:4.8 CYCLES:1943 ICOUNT:404 IHITRATE: 0 DHITRATE: 0
/u/s/i/sinclair/courses/cs552/spring2023/handouts/testprograms/public/rand_final/t_143_all.asm SUCCESS CPI:4.6 CYCLES:2399 ICOUNT:526 IHITRATE: 0 DHITRATE: 0
/u/s/i/sinclair/courses/cs552/spring2023/handouts/testprograms/public/rand_final/t_144_all.asm SUCCESS CPI:5.1 CYCLES:2273 ICOUNT:442 IHITRATE: 0 DHITRATE: 0
/u/s/i/sinclair/courses/cs552/spring2023/handouts/testprograms/public/rand_final/t_145_all.asm SUCCESS CPI:4.8 CYCLES:2172 ICOUNT:456 IHITRATE: 0 DHITRATE: 0
/u/s/i/sinclair/courses/cs552/spring2023/handouts/testprograms/public/rand_final/t_146_all.asm SUCCESS CPI:4.7 CYCLES:2936 ICOUNT:630 IHITRATE: 0 DHITRATE: 0
/u/s/i/sinclair/courses/cs552/spring2023/handouts/testprograms/public/rand_final/t_147_all.asm SUCCESS CPI:4.8 CYCLES:2179 ICOUNT:458 IHITRATE: 0 DHITRATE: 0
/u/s/i/sinclair/courses/cs552/spring2023/handouts/testprograms/public/rand_final/t_148_all.asm SUCCESS CPI:4.8 CYCLES:2265 ICOUNT:471 IHITRATE: 0 DHITRATE: 0
/u/s/i/sinclair/courses/cs552/spring2023/handouts/testprograms/public/rand_final/t_149_all.asm SUCCESS CPI:4.6 CYCLES:2152 ICOUNT:465 IHITRATE: 0 DHITRATE: 0
/u/s/i/sinclair/courses/cs552/spring2023/handouts/testprograms/public/rand_final/t_14_mem.asm SUCCESS CPI:5.7 CYCLES:7845 ICOUNT:1385 IHITRATE: 0 DHITRATE: 0
/u/s/i/sinclair/courses/cs552/spring2023/handouts/testprograms/public/rand_final/t_150_all.asm SUCCESS CPI:4.7 CYCLES:2463 ICOUNT:524 IHITRATE: 0 DHITRATE: 0
/u/s/i/sinclair/courses/cs552/spring2023/handouts/testprograms/public/rand_final/t_15_mem.asm SUCCESS CPI:5.5 CYCLES:7983 ICOUNT:1459 IHITRATE: 0 DHITRATE: 0
/u/s/i/sinclair/courses/cs552/spring2023/handouts/testprograms/public/rand_final/t_16_mem.asm SUCCESS CPI:5.4 CYCLES:7987 ICOUNT:1466 IHITRATE: 0 DHITRATE: 0
/u/s/i/sinclair/courses/cs552/spring2023/handouts/testprograms/public/rand_final/t_17_mem.asm SUCCESS CPI:5.4 CYCLES:8150 ICOUNT:1515 IHITRATE: 0 DHITRATE: 0
/u/s/i/sinclair/courses/cs552/spring2023/handouts/testprograms/public/rand_final/t_18_mem.asm SUCCESS CPI:5.5 CYCLES:7813 ICOUNT:1423 IHITRATE: 0 DHITRATE: 0
/u/s/i/sinclair/courses/cs552/spring2023/handouts/testprograms/public/rand_final/t_19_mem.asm SUCCESS CPI:5.5 CYCLES:7720 ICOUNT:1400 IHITRATE: 0 DHITRATE: 0
